[32m[2023-03-03 11:25:22,651] [    INFO][0m - Already cached /data/liangqiao2022/.paddlenlp/models/hfl/roberta-wwm-ext-large/roberta_chn_large.pdparams[0m
W0303 11:25:22.652019  5055 gpu_resources.cc:61] Please NOTE: device: 0, GPU Compute Capability: 8.6, Driver API Version: 11.1, Runtime API Version: 11.1
W0303 11:25:22.654378  5055 gpu_resources.cc:91] device: 0, cuDNN Version: 8.0.
2023-03-03 11:25:24,574 - /data/liangqiao2022/miniconda3/envs/ecom/lib/python3.8/site-packages/urllib3/connectionpool.py[line:228] - DEBUG: Starting new HTTP connection (1): paddlepaddle.org.cn:80
2023-03-03 11:25:24,617 - /data/liangqiao2022/miniconda3/envs/ecom/lib/python3.8/site-packages/urllib3/connectionpool.py[line:456] - DEBUG: http://paddlepaddle.org.cn:80 "GET /paddlehub/stat?word=hfl%2Froberta-wwm-ext-large&hub_version=+&ppnlp_version=2.4.0&paddle_version=2.3.2&from=ppnlp&extra=%7B%22command%22%3A+%22from_pretrained%22%2C+%22mtime%22%3A+%222023-03-03+11%3A25%3A24%22%2C+%22hub_name%22%3A+%226aadff0687b75abadd803f4c1a907e05-1677813924%22%2C+%22cache_info%22%3A+%220074f7a58e298a26ed92ef7efbb22c8c%22%7D HTTP/1.1" 301 186
2023-03-03 11:25:24,621 - /data/liangqiao2022/miniconda3/envs/ecom/lib/python3.8/site-packages/urllib3/connectionpool.py[line:1003] - DEBUG: Starting new HTTPS connection (1): paddlepaddle.org.cn:443
2023-03-03 11:25:24,678 - /data/liangqiao2022/miniconda3/envs/ecom/lib/python3.8/site-packages/urllib3/connectionpool.py[line:456] - DEBUG: https://paddlepaddle.org.cn:443 "GET /paddlehub/stat?word=hfl%2Froberta-wwm-ext-large&hub_version=+&ppnlp_version=2.4.0&paddle_version=2.3.2&from=ppnlp&extra=%7B%22command%22%3A+%22from_pretrained%22%2C+%22mtime%22%3A+%222023-03-03+11%3A25%3A24%22%2C+%22hub_name%22%3A+%226aadff0687b75abadd803f4c1a907e05-1677813924%22%2C+%22cache_info%22%3A+%220074f7a58e298a26ed92ef7efbb22c8c%22%7D HTTP/1.1" 200 13
[32m[2023-03-03 11:25:24,686] [    INFO][0m - We are using <class 'paddlenlp.transformers.roberta.tokenizer.RobertaChineseTokenizer'> to load 'hfl/roberta-wwm-ext-large'.[0m
[32m[2023-03-03 11:25:24,686] [    INFO][0m - Already cached /data/liangqiao2022/.paddlenlp/models/hfl/roberta-wwm-ext-large/vocab.txt[0m
[32m[2023-03-03 11:25:24,709] [    INFO][0m - tokenizer config file saved in /data/liangqiao2022/.paddlenlp/models/hfl/roberta-wwm-ext-large/tokenizer_config.json[0m
[32m[2023-03-03 11:25:24,709] [    INFO][0m - Special tokens file saved in /data/liangqiao2022/.paddlenlp/models/hfl/roberta-wwm-ext-large/special_tokens_map.json[0m
[32m[2023-03-03 11:25:24,710] [    INFO][0m - Already cached /data/liangqiao2022/.paddlenlp/models/hfl/roberta-wwm-ext-large/roberta_chn_large.pdparams[0m
2023-03-03 11:25:25,888 - ote_model/mrc_paddle/main.py[line:393] - INFO: Training/evaluation parameters Namespace(adam_epsilon=1e-08, cache_dir='', config_name='', data_dir='data/seq_input/', device='gpu:0', do_eval=True, do_lower_case=True, do_train=False, doc_stride=128, evaluate_during_training=True, fp16=False, fp16_opt_level='O1', gradient_accumulation_steps=1, language='english', learning_rate=2e-05, logging_steps=100, max_answer_length=30, max_grad_norm=1.0, max_query_length=384, max_seq_length=512, model_name_or_path='hfl/roberta-wwm-ext-large', model_type='bert', n_best_size=20, null_score_diff_threshold=0.0, num_train_epochs=5.0, output_dir='model_files/chinese_model/mrc/', overwrite_cache=False, overwrite_output_dir=False, per_gpu_eval_batch_size=4, per_gpu_train_batch_size=6, predict_file='test', result_dir='result/end2end_result/', result_file='mrc.ann.json', save_steps=500, seed=42, tokenizer_name='', train_file='train', verbose_logging=False, version_2_with_negative=False, warmup_steps=0)
[32m[2023-03-03 11:25:25,889] [    INFO][0m - tokenizer config file saved in model_files/chinese_model/mrc/tokenizer_config.json[0m
[32m[2023-03-03 11:25:25,889] [    INFO][0m - Special tokens file saved in model_files/chinese_model/mrc/special_tokens_map.json[0m
[32m[2023-03-03 11:25:27,043] [    INFO][0m - We are using <class 'paddlenlp.transformers.roberta.tokenizer.RobertaChineseTokenizer'> to load 'model_files/chinese_model/mrc/'.[0m
2023-03-03 11:25:27,052 - ote_model/mrc_paddle/main.py[line:411] - INFO: Evaluate the following checkpoints: ['model_files/chinese_model/mrc/']
2023-03-03 11:25:28,201 - ote_model/mrc_paddle/main.py[line:240] - INFO: Creating features from dataset file at data/seq_input/test
model_type: bert
model_name_or_path: hfl/roberta-wwm-ext-large
tokenizer_name: 
num_train_epochs: 5.0
per_gpu_train_batch_size: 6
per_gpu_eval_batch_size: 4
learning_rate: 2e-05
gradient_accumulation_steps: 1
max_grad_norm: 1.0
warmup_steps: 0
adam_epsilon: 1e-08
max_seq_length: 512
doc_stride: 128
max_query_length: 384
max_answer_length: 30
do_lower_case: True
language: english
data_dir: data/seq_input/
train_file: train
predict_file: test
result_dir: result/end2end_result/
result_file: mrc.ann.json
output_dir: model_files/chinese_model/mrc/
cache_dir: 
config_name: 
null_score_diff_threshold: 0.0
do_train: False
do_eval: True
evaluate_during_training: True
seed: 42
device: gpu:0
overwrite_cache: False
fp16: False
fp16_opt_level: O1
version_2_with_negative: False
logging_steps: 100
save_steps: 500
n_best_size: 20
verbose_logging: False
overwrite_output_dir: False
**************** <class 'paddlenlp.transformers.roberta.modeling.RobertaModel'> <class 'RobertaForQuestionAnswering.RobertaForQuestionAnswering'> <class 'paddlenlp.transformers.auto.tokenizer.AutoTokenizer'> hfl/roberta-wwm-ext-large
['旅游平台新疆搜索量一天涨近三倍'] ['fake']
['旅游平台新疆搜索量一天涨近三倍'] ['fake']
['旅游平台新疆搜索量一天涨近三倍'] ['fake']
['旅游平台新疆搜索量一天涨近三倍'] ['fake']
['旅游平台新疆搜索量一天涨近三倍'] ['fake']
['旅游平台新疆搜索量一天涨近三倍'] ['fake']
['旅游平台新疆搜索量一天涨近三倍'] ['fake']
['旅游平台新疆搜索量一天涨近三倍'] ['fake']
['旅游平台新疆搜索量一天涨近三倍'] ['fake']
['旅游平台新疆搜索量一天涨近三倍'] ['fake']
['旅游平台新疆搜索量一天涨近三倍'] ['fake']
['旅游平台新疆搜索量一天涨近三倍'] ['fake']
['亚马逊禁上口罩'] ['fake']
['亚马逊禁上口罩'] ['fake']
['亚马逊禁上口罩'] ['fake']
['亚马逊禁上口罩'] ['fake']
['亚马逊禁上口罩'] ['fake']
['亚马逊禁上口罩'] ['fake']
['亚马逊禁上口罩'] ['fake']
['亚马逊禁上口罩'] ['fake']
['亚马逊禁上口罩'] ['fake']
['亚马逊禁上口罩'] ['fake']
['亚马逊禁上口罩'] ['fake']
['亚马逊禁上口罩'] ['fake']
['亚马逊禁上口罩'] ['fake']
['亚马逊禁上口罩'] ['fake']
['亚马逊禁上口罩'] ['fake']
['亚马逊禁上口罩'] ['fake']
['厅官被录不雅视频', '遭敲诈250万'] ['fake']
['厅官被录不雅视频', '遭敲诈250万'] ['fake']
['厅官被录不雅视频', '遭敲诈250万'] ['fake']
['厅官被录不雅视频', '遭敲诈250万'] ['fake']
['哈工大回应学生举报宿管过洋节'] ['fake']
['哈工大回应学生举报宿管过洋节'] ['fake']
['哈工大回应学生举报宿管过洋节'] ['fake']
['哈工大回应学生举报宿管过洋节'] ['fake']
['哈工大回应学生举报宿管过洋节'] ['fake']
['哈工大回应学生举报宿管过洋节'] ['fake']
['哈工大回应学生举报宿管过洋节'] ['fake']
['哈工大回应学生举报宿管过洋节'] ['fake']
['哈工大回应学生举报宿管过洋节'] ['fake']
['哈工大回应学生举报宿管过洋节'] ['fake']
['哈工大回应学生举报宿管过洋节'] ['fake']
['哈工大回应学生举报宿管过洋节'] ['fake']
['哈工大回应学生举报宿管过洋节'] ['fake']
['哈工大回应学生举报宿管过洋节'] ['fake']
['哈工大回应学生举报宿管过洋节'] ['fake']
['哈工大回应学生举报宿管过洋节'] ['fake']
['哈工大回应学生举报宿管过洋节'] ['fake']
['哈工大回应学生举报宿管过洋节'] ['fake']
['哈工大回应学生举报宿管过洋节'] ['fake']
['哈工大回应学生举报宿管过洋节'] ['fake']
['哈工大回应学生举报宿管过洋节'] ['fake']
['哈工大回应学生举报宿管过洋节'] ['fake']
['哈工大回应学生举报宿管过洋节'] ['fake']
['哈工大回应学生举报宿管过洋节'] ['fake']
['哈工大回应学生举报宿管过洋节'] ['fake']
['哈工大回应学生举报宿管过洋节'] ['fake']
['哈工大回应学生举报宿管过洋节'] ['fake']
['哈工大回应学生举报宿管过洋节'] ['fake']
['哈工大回应学生举报宿管过洋节'] ['fake']
['哈工大回应学生举报宿管过洋节'] ['fake']
['哈工大回应学生举报宿管过洋节'] ['fake']
['哈工大回应学生举报宿管过洋节'] ['fake']
['哈工大回应学生举报宿管过洋节'] ['fake']
['哈工大回应学生举报宿管过洋节'] ['fake']
['哈工大回应学生举报宿管过洋节'] ['fake']
['哈工大回应学生举报宿管过洋节'] ['fake']
['哈工大回应学生举报宿管过洋节'] ['fake']
['哈工大回应学生举报宿管过洋节'] ['fake']
['哈工大回应学生举报宿管过洋节'] ['fake']
['哈工大回应学生举报宿管过洋节'] ['fake']
['南非新冠病毒出现变异'] ['fake']
['南非新冠病毒出现变异'] ['fake']
['南非新冠病毒出现变异'] ['fake']
['南非新冠病毒出现变异'] ['fake']
['南非新冠病毒出现变异'] ['fake']
['南非新冠病毒出现变异'] ['fake']
['南非新冠病毒出现变异'] ['fake']
['南非新冠病毒出现变异'] ['fake']
['南非新冠病毒出现变异'] ['fake']
['南非新冠病毒出现变异'] ['fake']
['南非新冠病毒出现变异'] ['fake']
['南非新冠病毒出现变异'] ['fake']
['南非新冠病毒出现变异'] ['fake']
['南非新冠病毒出现变异'] ['fake']
['南非新冠病毒出现变异'] ['fake']
['南非新冠病毒出现变异'] ['fake']
['南非新冠病毒出现变异'] ['fake']
['南非新冠病毒出现变异'] ['fake']
['南非新冠病毒出现变异'] ['fake']
['南非新冠病毒出现变异'] ['fake']
['南非新冠病毒出现变异'] ['fake']
['南非新冠病毒出现变异'] ['fake']
['南非新冠病毒出现变异'] ['fake']
['南非新冠病毒出现变异'] ['fake']
['南非新冠病毒出现变异'] ['fake']
['南非新冠病毒出现变异'] ['fake']
['南非新冠病毒出现变异'] ['fake']
['南非新冠病毒出现变异'] ['fake']
['南非新冠病毒出现变异'] ['fake']
['南非新冠病毒出现变异'] ['fake']
['椰树集团就招聘信息致歉'] ['fake']
['椰树集团就招聘信息致歉'] ['fake']
['椰树集团就招聘信息致歉'] ['fake']
['椰树集团就招聘信息致歉'] ['fake']
['椰树集团就招聘信息致歉'] ['fake']
['椰树集团就招聘信息致歉'] ['fake']
['椰树集团就招聘信息致歉'] ['fake']
['椰树集团就招聘信息致歉'] ['fake']
['椰树集团就招聘信息致歉'] ['fake']
['椰树集团就招聘信息致歉'] ['fake']
['椰树集团就招聘信息致歉'] ['fake']
['椰树集团就招聘信息致歉'] ['fake']
['椰树集团就招聘信息致歉'] ['fake']
['椰树集团就招聘信息致歉'] ['fake']
['椰树集团就招聘信息致歉'] ['fake']
['椰树集团就招聘信息致歉'] ['fake']
['椰树集团就招聘信息致歉'] ['fake']
['椰树集团就招聘信息致歉'] ['fake']
['椰树集团就招聘信息致歉'] ['fake']
['椰树集团就招聘信息致歉'] ['fake']
['椰树集团就招聘信息致歉'] ['fake']
['椰树集团就招聘信息致歉'] ['fake']
['椰树集团就招聘信息致歉'] ['fake']
['椰树集团就招聘信息致歉'] ['fake']
['椰树集团就招聘信息致歉'] ['fake']
['椰树集团就招聘信息致歉'] ['fake']
['椰树集团就招聘信息致歉'] ['fake']
['椰树集团就招聘信息致歉'] ['fake']
['椰树集团就招聘信息致歉'] ['fake']
['椰树集团就招聘信息致歉'] ['fake']
['椰树集团就招聘信息致歉'] ['fake']
['椰树集团就招聘信息致歉'] ['fake']
['椰树集团就招聘信息致歉'] ['fake']
['马云挑战世界拳王'] ['fake']
['马云挑战世界拳王'] ['fake']
['马云挑战世界拳王'] ['fake']
['马云挑战世界拳王'] ['fake']
['马云挑战世界拳王'] ['fake']
['马云挑战世界拳王'] ['fake']
['马云挑战世界拳王'] ['fake']
['马云挑战世界拳王'] ['fake']
['马云挑战世界拳王'] ['fake']
['马云挑战世界拳王'] ['fake']
['马云挑战世界拳王'] ['fake']
['马云挑战世界拳王'] ['fake']
['广州立案调查辛巴带货假燕窝事件'] ['fake']
['广州立案调查辛巴带货假燕窝事件'] ['fake']
['广州立案调查辛巴带货假燕窝事件'] ['fake']
['广州立案调查辛巴带货假燕窝事件'] ['fake']
['广州立案调查辛巴带货假燕窝事件'] ['fake']
['广州立案调查辛巴带货假燕窝事件'] ['fake']
['广州立案调查辛巴带货假燕窝事件'] ['fake']
['广州立案调查辛巴带货假燕窝事件'] ['fake']
['广州立案调查辛巴带货假燕窝事件'] ['fake']
['广州立案调查辛巴带货假燕窝事件'] ['fake']
['广州立案调查辛巴带货假燕窝事件'] ['fake']
['广州立案调查辛巴带货假燕窝事件'] ['fake']
['广州立案调查辛巴带货假燕窝事件'] ['fake']
['广州立案调查辛巴带货假燕窝事件'] ['fake']
['广州立案调查辛巴带货假燕窝事件'] ['fake']
['广州立案调查辛巴带货假燕窝事件'] ['fake']
['广州立案调查辛巴带货假燕窝事件'] ['fake']
['广州立案调查辛巴带货假燕窝事件'] ['fake']
['广州立案调查辛巴带货假燕窝事件'] ['fake']
['广州立案调查辛巴带货假燕窝事件'] ['fake']
['广州立案调查辛巴带货假燕窝事件'] ['fake']
['广州立案调查辛巴带货假燕窝事件'] ['fake']
['广州立案调查辛巴带货假燕窝事件'] ['fake']
['广州立案调查辛巴带货假燕窝事件'] ['fake']
['意大利监狱暴动'] ['fake']
['意大利监狱暴动'] ['fake']
['意大利监狱暴动'] ['fake']
['中方对6家美媒驻华分社对等反制'] ['fake']
['韩国将从印度撤侨近400人'] ['fake']
['日本船东要求埃及打一折'] ['fake']
['日本船东要求埃及打一折'] ['fake']
['日本船东要求埃及打一折'] ['fake']
['日本船东要求埃及打一折'] ['fake']
['日本船东要求埃及打一折'] ['fake']
['日本船东要求埃及打一折'] ['fake']
['日本船东要求埃及打一折'] ['fake']
['日本船东要求埃及打一折'] ['fake']
['日本船东要求埃及打一折'] ['fake']
['日本船东要求埃及打一折'] ['fake']
['日本船东要求埃及打一折'] ['fake']
['日本船东要求埃及打一折'] ['fake']
['中美发表应对气候危机联合声明'] ['fake']
['中央政法委评彩礼贷和墓地贷频出'] ['fake']
['中央政法委评彩礼贷和墓地贷频出'] ['fake']
['中央政法委评彩礼贷和墓地贷频出'] ['fake']
['中央政法委评彩礼贷和墓地贷频出'] ['fake']
['中央政法委评彩礼贷和墓地贷频出'] ['fake']
['福岛核电站储水罐已多次泄漏'] ['fake']
['福岛核电站储水罐已多次泄漏'] ['fake']
['福岛核电站储水罐已多次泄漏'] ['fake']
['福岛核电站储水罐已多次泄漏'] ['fake']
['福岛核电站储水罐已多次泄漏'] ['fake']
['福岛核电站储水罐已多次泄漏'] ['fake']
['福岛核电站储水罐已多次泄漏'] ['fake']
['福岛核电站储水罐已多次泄漏'] ['fake']
['福岛核电站储水罐已多次泄漏'] ['fake']
['福岛核电站储水罐已多次泄漏'] ['fake']
['福岛核电站储水罐已多次泄漏'] ['fake']
['玻利维亚总统辞职'] ['fake']
['玻利维亚总统辞职'] ['fake']
['玻利维亚总统辞职'] ['fake']
['玻利维亚总统辞职'] ['fake']
['玻利维亚总统辞职'] ['fake']
['玻利维亚总统辞职'] ['fake']
['玻利维亚总统辞职'] ['fake']
['玻利维亚总统辞职'] ['fake']
['玻利维亚总统辞职'] ['fake']
['玻利维亚总统辞职'] ['fake']
['玻利维亚总统辞职'] ['fake']
['玻利维亚总统辞职'] ['fake']
['玻利维亚总统辞职'] ['fake']
['玻利维亚总统辞职'] ['fake']
['玻利维亚总统辞职'] ['fake']
['玻利维亚总统辞职'] ['fake']
['玻利维亚总统辞职'] ['fake']
['玻利维亚总统辞职'] ['fake']
['玻利维亚总统辞职'] ['fake']
['玻利维亚总统辞职'] ['fake']
['玻利维亚总统辞职'] ['fake']
['玻利维亚总统辞职'] ['fake']
['玻利维亚总统辞职'] ['fake']
['玻利维亚总统辞职'] ['fake']
['玻利维亚总统辞职'] ['fake']
['玻利维亚总统辞职'] ['fake']
['玻利维亚总统辞职'] ['fake']
['玻利维亚总统辞职'] ['fake']
['玻利维亚总统辞职'] ['fake']
['玻利维亚总统辞职'] ['fake']
['玻利维亚总统辞职'] ['fake']
['玻利维亚总统辞职'] ['fake']
['玻利维亚总统辞职'] ['fake']
['玻利维亚总统辞职'] ['fake']
['玻利维亚总统辞职'] ['fake']
['农夫山泉创始人成中国首富'] ['fake']
['京东再次为低俗广告道歉'] ['fake']
['京东再次为低俗广告道歉'] ['fake']
['京东再次为低俗广告道歉'] ['fake']
['京东再次为低俗广告道歉'] ['fake']
['京东再次为低俗广告道歉'] ['fake']
['京东再次为低俗广告道歉'] ['fake']
['京东再次为低俗广告道歉'] ['fake']
['京东再次为低俗广告道歉'] ['fake']
['京东再次为低俗广告道歉'] ['fake']
['京东再次为低俗广告道歉'] ['fake']
['京东再次为低俗广告道歉'] ['fake']
['京东再次为低俗广告道歉'] ['fake']
['京东再次为低俗广告道歉'] ['fake']
['京东再次为低俗广告道歉'] ['fake']
['京东再次为低俗广告道歉'] ['fake']
['京东再次为低俗广告道歉'] ['fake']
['京东再次为低俗广告道歉'] ['fake']
['京东再次为低俗广告道歉'] ['fake']
['京东再次为低俗广告道歉'] ['fake']
['京东再次为低俗广告道歉'] ['fake']
['京东再次为低俗广告道歉'] ['fake']
['京东再次为低俗广告道歉'] ['fake']
['京东再次为低俗广告道歉'] ['fake']
['黄秋生在台隔离期间被诈骗'] ['fake']
['黄秋生在台隔离期间被诈骗'] ['fake']
['黄秋生在台隔离期间被诈骗'] ['fake']
['黄秋生在台隔离期间被诈骗'] ['fake']
['黄秋生在台隔离期间被诈骗'] ['fake']
['黄秋生在台隔离期间被诈骗'] ['fake']
['黄秋生在台隔离期间被诈骗'] ['fake']
['黄秋生在台隔离期间被诈骗'] ['fake']
['黄秋生在台隔离期间被诈骗'] ['fake']
['黄秋生在台隔离期间被诈骗'] ['fake']
['黄秋生在台隔离期间被诈骗'] ['fake']
['美军机刷新对华抵近侦察最近距离'] ['fake']
['美军机刷新对华抵近侦察最近距离'] ['fake']
['美军机刷新对华抵近侦察最近距离'] ['fake']
['美军机刷新对华抵近侦察最近距离'] ['fake']
['美军机刷新对华抵近侦察最近距离'] ['fake']
['美军机刷新对华抵近侦察最近距离'] ['fake']
['美军机刷新对华抵近侦察最近距离'] ['fake']
['美军机刷新对华抵近侦察最近距离'] ['fake']
['美军机刷新对华抵近侦察最近距离'] ['fake']
['美军机刷新对华抵近侦察最近距离'] ['fake']
['美军机刷新对华抵近侦察最近距离'] ['fake']
['美军机刷新对华抵近侦察最近距离'] ['fake']
['进京快递安检升级'] ['fake']
['银保监会一处长地铁猥亵被拘留'] ['fake']
['银保监会一处长地铁猥亵被拘留'] ['fake']
['银保监会一处长地铁猥亵被拘留'] ['fake']
['银保监会一处长地铁猥亵被拘留'] ['fake']
['银保监会一处长地铁猥亵被拘留'] ['fake']
['银保监会一处长地铁猥亵被拘留'] ['fake']
['银保监会一处长地铁猥亵被拘留'] ['fake']
['银保监会一处长地铁猥亵被拘留'] ['fake']
['澳情报人员突击搜查中国记者住所'] ['fake']
['澳情报人员突击搜查中国记者住所'] ['fake']
['澳情报人员突击搜查中国记者住所'] ['fake']
['澳情报人员突击搜查中国记者住所'] ['fake']
['澳情报人员突击搜查中国记者住所'] ['fake']
['澳情报人员突击搜查中国记者住所'] ['fake']
['澳情报人员突击搜查中国记者住所'] ['fake']
['澳情报人员突击搜查中国记者住所'] ['fake']
['澳情报人员突击搜查中国记者住所'] ['fake']
['澳情报人员突击搜查中国记者住所'] ['fake']
['澳情报人员突击搜查中国记者住所'] ['fake']
['澳情报人员突击搜查中国记者住所'] ['fake']
['澳情报人员突击搜查中国记者住所'] ['fake']
['澳情报人员突击搜查中国记者住所'] ['fake']
['世卫组织发布新冠病毒溯源报告'] ['fake']
['世卫组织发布新冠病毒溯源报告'] ['fake']
['世卫组织发布新冠病毒溯源报告'] ['fake']
['世卫组织发布新冠病毒溯源报告'] ['fake']
['世卫组织发布新冠病毒溯源报告'] ['fake']
['世卫组织发布新冠病毒溯源报告'] ['fake']
['世卫组织发布新冠病毒溯源报告'] ['fake']
['世卫组织发布新冠病毒溯源报告'] ['fake']
['世卫组织发布新冠病毒溯源报告'] ['fake']
['世卫组织发布新冠病毒溯源报告'] ['fake']
['世卫组织发布新冠病毒溯源报告'] ['fake']
['世卫组织发布新冠病毒溯源报告'] ['fake']
['世卫组织发布新冠病毒溯源报告'] ['fake']
['世卫组织发布新冠病毒溯源报告'] ['fake']
['世卫组织发布新冠病毒溯源报告'] ['fake']
['世卫组织发布新冠病毒溯源报告'] ['fake']
['世卫组织发布新冠病毒溯源报告'] ['fake']
['世卫组织发布新冠病毒溯源报告'] ['fake']
['世卫组织发布新冠病毒溯源报告'] ['fake']
['世卫组织发布新冠病毒溯源报告'] ['fake']
['世卫组织发布新冠病毒溯源报告'] ['fake']
['世卫组织发布新冠病毒溯源报告'] ['fake']
['世卫组织发布新冠病毒溯源报告'] ['fake']
['世卫组织发布新冠病毒溯源报告'] ['fake']
['每一剂新冠疫苗都有电子身份证'] ['fake']
['以色列将中国列为绿色国家'] ['fake']
['以色列将中国列为绿色国家'] ['fake']
['以色列将中国列为绿色国家'] ['fake']
['以色列将中国列为绿色国家'] ['fake']
['以色列将中国列为绿色国家'] ['fake']
['以色列将中国列为绿色国家'] ['fake']
['以色列将中国列为绿色国家'] ['fake']
['以色列将中国列为绿色国家'] ['fake']
['以色列将中国列为绿色国家'] ['fake']
['以色列将中国列为绿色国家'] ['fake']
['以色列将中国列为绿色国家'] ['fake']
['以色列将中国列为绿色国家'] ['fake']
['以色列将中国列为绿色国家'] ['fake']
['以色列将中国列为绿色国家'] ['fake']
['以色列将中国列为绿色国家'] ['fake']
['检方认为劳荣枝主观恶性极深'] ['fake']
['检方认为劳荣枝主观恶性极深'] ['fake']
['检方认为劳荣枝主观恶性极深'] ['fake']
['检方认为劳荣枝主观恶性极深'] ['fake']
['检方认为劳荣枝主观恶性极深'] ['fake']
['检方认为劳荣枝主观恶性极深'] ['fake']
['检方认为劳荣枝主观恶性极深'] ['fake']
['检方认为劳荣枝主观恶性极深'] ['fake']
['检方认为劳荣枝主观恶性极深'] ['fake']
['检方认为劳荣枝主观恶性极深'] ['fake']
['检方认为劳荣枝主观恶性极深'] ['fake']
['检方认为劳荣枝主观恶性极深'] ['fake']
['检方认为劳荣枝主观恶性极深'] ['fake']
['检方认为劳荣枝主观恶性极深'] ['fake']
['检方认为劳荣枝主观恶性极深'] ['fake']
['检方认为劳荣枝主观恶性极深'] ['fake']
['检方认为劳荣枝主观恶性极深'] ['fake']
['检方认为劳荣枝主观恶性极深'] ['fake']
['检方认为劳荣枝主观恶性极深'] ['fake']
['检方认为劳荣枝主观恶性极深'] ['fake']
['检方认为劳荣枝主观恶性极深'] ['fake']
['检方认为劳荣枝主观恶性极深'] ['fake']
['“肿瘤治疗乱象”涉事医生被处罚'] ['fake']
['“肿瘤治疗乱象”涉事医生被处罚'] ['fake']
['“肿瘤治疗乱象”涉事医生被处罚'] ['fake']
['“肿瘤治疗乱象”涉事医生被处罚'] ['fake']
['“肿瘤治疗乱象”涉事医生被处罚'] ['fake']
['“肿瘤治疗乱象”涉事医生被处罚'] ['fake']
['“肿瘤治疗乱象”涉事医生被处罚'] ['fake']
['“肿瘤治疗乱象”涉事医生被处罚'] ['fake']
['“肿瘤治疗乱象”涉事医生被处罚'] ['fake']
['“肿瘤治疗乱象”涉事医生被处罚'] ['fake']
['“肿瘤治疗乱象”涉事医生被处罚'] ['fake']
['“肿瘤治疗乱象”涉事医生被处罚'] ['fake']
['“肿瘤治疗乱象”涉事医生被处罚'] ['fake']
['“肿瘤治疗乱象”涉事医生被处罚'] ['fake']
['知乎上线直播功能'] ['fake']
['知乎上线直播功能'] ['fake']
['知乎上线直播功能'] ['fake']
['知乎上线直播功能'] ['fake']
['知乎上线直播功能'] ['fake']
['知乎上线直播功能'] ['fake']
['知乎上线直播功能'] ['fake']
['知乎上线直播功能'] ['fake']
['特朗普放话明年现身州竞选活动'] ['fake']
['特朗普放话明年现身州竞选活动'] ['fake']
['特朗普放话明年现身州竞选活动'] ['fake']
['特朗普放话明年现身州竞选活动'] ['fake']
['台湾民众组团赴大陆打疫苗'] ['fake']
['台湾民众组团赴大陆打疫苗'] ['fake']
['台湾民众组团赴大陆打疫苗'] ['fake']
['台湾民众组团赴大陆打疫苗'] ['fake']
['台湾民众组团赴大陆打疫苗'] ['fake']
['台湾民众组团赴大陆打疫苗'] ['fake']
['台湾民众组团赴大陆打疫苗'] ['fake']
['台湾民众组团赴大陆打疫苗'] ['fake']
['台湾民众组团赴大陆打疫苗'] ['fake']
['台湾民众组团赴大陆打疫苗'] ['fake']
['台湾民众组团赴大陆打疫苗'] ['fake']
['台湾民众组团赴大陆打疫苗'] ['fake']
['台湾民众组团赴大陆打疫苗'] ['fake']
['台湾民众组团赴大陆打疫苗'] ['fake']
['台湾民众组团赴大陆打疫苗'] ['fake']
['台湾民众组团赴大陆打疫苗'] ['fake']
['台湾民众组团赴大陆打疫苗'] ['fake']
['台湾民众组团赴大陆打疫苗'] ['fake']
['台湾民众组团赴大陆打疫苗'] ['fake']
['台湾民众组团赴大陆打疫苗'] ['fake']
['台湾民众组团赴大陆打疫苗'] ['fake']
['台湾民众组团赴大陆打疫苗'] ['fake']
['台湾民众组团赴大陆打疫苗'] ['fake']
['台湾民众组团赴大陆打疫苗'] ['fake']
['台湾民众组团赴大陆打疫苗'] ['fake']
['台湾民众组团赴大陆打疫苗'] ['fake']
['台湾民众组团赴大陆打疫苗'] ['fake']
['台湾民众组团赴大陆打疫苗'] ['fake']
['台湾民众组团赴大陆打疫苗'] ['fake']
['台湾民众组团赴大陆打疫苗'] ['fake']
['台湾民众组团赴大陆打疫苗'] ['fake']
['台湾民众组团赴大陆打疫苗'] ['fake']
['台湾民众组团赴大陆打疫苗'] ['fake']
['台湾民众组团赴大陆打疫苗'] ['fake']
['台湾民众组团赴大陆打疫苗'] ['fake']
['台湾民众组团赴大陆打疫苗'] ['fake']
['台湾民众组团赴大陆打疫苗'] ['fake']
['台湾民众组团赴大陆打疫苗'] ['fake']
['台湾民众组团赴大陆打疫苗'] ['fake']
['武汉战疫快递小哥汪勇接受表彰'] ['fake']
['武汉战疫快递小哥汪勇接受表彰'] ['fake']
['武汉战疫快递小哥汪勇接受表彰'] ['fake']
['武汉战疫快递小哥汪勇接受表彰'] ['fake']
['武汉战疫快递小哥汪勇接受表彰'] ['fake']
['武汉战疫快递小哥汪勇接受表彰'] ['fake']
['武汉战疫快递小哥汪勇接受表彰'] ['fake']
['武汉战疫快递小哥汪勇接受表彰'] ['fake']
['武汉战疫快递小哥汪勇接受表彰'] ['fake']
['美军2架侦察机前往南海侦察'] ['fake']
['美军2架侦察机前往南海侦察'] ['fake']
['美军2架侦察机前往南海侦察'] ['fake']
['美军2架侦察机前往南海侦察'] ['fake']
['美军2架侦察机前往南海侦察'] ['fake']
['美军2架侦察机前往南海侦察'] ['fake']
['美军2架侦察机前往南海侦察'] ['fake']
['美军2架侦察机前往南海侦察'] ['fake']
['美军2架侦察机前往南海侦察'] ['fake']
['美军2架侦察机前往南海侦察'] ['fake']
['拜登邀中俄等领导人参加气候峰会'] ['fake']
['拜登邀中俄等领导人参加气候峰会'] ['fake']
['拜登邀中俄等领导人参加气候峰会'] ['fake']
['拜登邀中俄等领导人参加气候峰会'] ['fake']
['拜登邀中俄等领导人参加气候峰会'] ['fake']
['拜登邀中俄等领导人参加气候峰会'] ['fake']
['拜登邀中俄等领导人参加气候峰会'] ['fake']
['拜登邀中俄等领导人参加气候峰会'] ['fake']
['拜登邀中俄等领导人参加气候峰会'] ['fake']
['拜登邀中俄等领导人参加气候峰会'] ['fake']
['拜登邀中俄等领导人参加气候峰会'] ['fake']
['拜登邀中俄等领导人参加气候峰会'] ['fake']
['李宁公司回应“天价鞋”'] ['fake']
['李宁公司回应“天价鞋”'] ['fake']
['李宁公司回应“天价鞋”'] ['fake']
['李宁公司回应“天价鞋”'] ['fake']
['李宁公司回应“天价鞋”'] ['fake']
['李宁公司回应“天价鞋”'] ['fake']
['李宁公司回应“天价鞋”'] ['fake']
['李宁公司回应“天价鞋”'] ['fake']
['李宁公司回应“天价鞋”'] ['fake']
['李宁公司回应“天价鞋”'] ['fake']
['李宁公司回应“天价鞋”'] ['fake']
['李宁公司回应“天价鞋”'] ['fake']
['李宁公司回应“天价鞋”'] ['fake']
['李宁公司回应“天价鞋”'] ['fake']
['李宁公司回应“天价鞋”'] ['fake']
['李宁公司回应“天价鞋”'] ['fake']
['李宁公司回应“天价鞋”'] ['fake']
['李宁公司回应“天价鞋”'] ['fake']
['纽约上万人参加反歧视亚裔抗议活动'] ['fake']
['纽约上万人参加反歧视亚裔抗议活动'] ['fake']
['纽约上万人参加反歧视亚裔抗议活动'] ['fake']
['纽约上万人参加反歧视亚裔抗议活动'] ['fake']
['纽约上万人参加反歧视亚裔抗议活动'] ['fake']
['纽约上万人参加反歧视亚裔抗议活动'] ['fake']
['纽约上万人参加反歧视亚裔抗议活动'] ['fake']
['纽约上万人参加反歧视亚裔抗议活动'] ['fake']
['纽约上万人参加反歧视亚裔抗议活动'] ['fake']
['纽约上万人参加反歧视亚裔抗议活动'] ['fake']
['纽约上万人参加反歧视亚裔抗议活动'] ['fake']
['纽约上万人参加反歧视亚裔抗议活动'] ['fake']
['纽约上万人参加反歧视亚裔抗议活动'] ['fake']
['纽约上万人参加反歧视亚裔抗议活动'] ['fake']
['纽约上万人参加反歧视亚裔抗议活动'] ['fake']
['纽约上万人参加反歧视亚裔抗议活动'] ['fake']
['纽约上万人参加反歧视亚裔抗议活动'] ['fake']
['纽约上万人参加反歧视亚裔抗议活动'] ['fake']
['纽约上万人参加反歧视亚裔抗议活动'] ['fake']
['纽约上万人参加反歧视亚裔抗议活动'] ['fake']
['纽约上万人参加反歧视亚裔抗议活动'] ['fake']
['纽约上万人参加反歧视亚裔抗议活动'] ['fake']
['纽约上万人参加反歧视亚裔抗议活动'] ['fake']
['纽约上万人参加反歧视亚裔抗议活动'] ['fake']
['纽约上万人参加反歧视亚裔抗议活动'] ['fake']
['纽约上万人参加反歧视亚裔抗议活动'] ['fake']
['纽约上万人参加反歧视亚裔抗议活动'] ['fake']
['纽约上万人参加反歧视亚裔抗议活动'] ['fake']
['纽约上万人参加反歧视亚裔抗议活动'] ['fake']
['纽约上万人参加反歧视亚裔抗议活动'] ['fake']
['外交部宣布制裁11名美方人士'] ['fake']
['外交部宣布制裁11名美方人士'] ['fake']
['外交部宣布制裁11名美方人士'] ['fake']
['外交部宣布制裁11名美方人士'] ['fake']
['外交部宣布制裁11名美方人士'] ['fake']
['外交部宣布制裁11名美方人士'] ['fake']
['外交部宣布制裁11名美方人士'] ['fake']
['外交部宣布制裁11名美方人士'] ['fake']
['外交部宣布制裁11名美方人士'] ['fake']
['外交部宣布制裁11名美方人士'] ['fake']
['外交部宣布制裁11名美方人士'] ['fake']
['外交部宣布制裁11名美方人士'] ['fake']
['外交部宣布制裁11名美方人士'] ['fake']
['外交部宣布制裁11名美方人士'] ['fake']
['外交部宣布制裁11名美方人士'] ['fake']
['外交部宣布制裁11名美方人士'] ['fake']
['外交部宣布制裁11名美方人士'] ['fake']
['外交部宣布制裁11名美方人士'] ['fake']
['外交部宣布制裁11名美方人士'] ['fake']
['外交部宣布制裁11名美方人士'] ['fake']
['浙大回应教授骚扰女博士致其跳楼'] ['fake']
['浙大回应教授骚扰女博士致其跳楼'] ['fake']
['浙大回应教授骚扰女博士致其跳楼'] ['fake']
['浙大回应教授骚扰女博士致其跳楼'] ['fake']
['浙大回应教授骚扰女博士致其跳楼'] ['fake']
['浙大回应教授骚扰女博士致其跳楼'] ['fake']
['浙大回应教授骚扰女博士致其跳楼'] ['fake']
['浙大回应教授骚扰女博士致其跳楼'] ['fake']
['浙大回应教授骚扰女博士致其跳楼'] ['fake']
['浙大回应教授骚扰女博士致其跳楼'] ['fake']
['浙大回应教授骚扰女博士致其跳楼'] ['fake']
['浙大回应教授骚扰女博士致其跳楼'] ['fake']
['浙大回应教授骚扰女博士致其跳楼'] ['fake']
['浙大回应教授骚扰女博士致其跳楼'] ['fake']
['浙大回应教授骚扰女博士致其跳楼'] ['fake']
['浙大回应教授骚扰女博士致其跳楼'] ['fake']
['浙大回应教授骚扰女博士致其跳楼'] ['fake']
['浙大回应教授骚扰女博士致其跳楼'] ['fake']
['浙大回应教授骚扰女博士致其跳楼'] ['fake']
['浙大回应教授骚扰女博士致其跳楼'] ['fake']
['浙大回应教授骚扰女博士致其跳楼'] ['fake']
['浙大回应教授骚扰女博士致其跳楼'] ['fake']
['浙大回应教授骚扰女博士致其跳楼'] ['fake']
['浙大回应教授骚扰女博士致其跳楼'] ['fake']
['浙大回应教授骚扰女博士致其跳楼'] ['fake']
['韩国72人接种流感疫苗后死亡'] ['fake']
['韩国72人接种流感疫苗后死亡'] ['fake']
['韩国72人接种流感疫苗后死亡'] ['fake']
['韩国72人接种流感疫苗后死亡'] ['fake']
['韩国72人接种流感疫苗后死亡'] ['fake']
['韩国72人接种流感疫苗后死亡'] ['fake']
['韩国72人接种流感疫苗后死亡'] ['fake']
['韩国72人接种流感疫苗后死亡'] ['fake']
['韩国72人接种流感疫苗后死亡'] ['fake']
['韩国72人接种流感疫苗后死亡'] ['fake']
['韩国72人接种流感疫苗后死亡'] ['fake']
['台湾5天内两次大停电'] ['fake']
['台湾5天内两次大停电'] ['fake']
['台湾5天内两次大停电'] ['fake']
['台湾5天内两次大停电'] ['fake']
['台湾5天内两次大停电'] ['fake']
['台湾5天内两次大停电'] ['fake']
['台湾5天内两次大停电'] ['fake']
['台湾5天内两次大停电'] ['fake']
['台湾5天内两次大停电'] ['fake']
['台湾5天内两次大停电'] ['fake']
['台湾5天内两次大停电'] ['fake']
['台湾5天内两次大停电'] ['fake']
['台湾5天内两次大停电'] ['fake']
['台湾5天内两次大停电'] ['fake']
['台湾5天内两次大停电'] ['fake']
['台湾5天内两次大停电'] ['fake']
['台湾5天内两次大停电'] ['fake']
['江歌妈妈起诉刘鑫案15日开庭'] ['fake']
['江歌妈妈起诉刘鑫案15日开庭'] ['fake']
['江歌妈妈起诉刘鑫案15日开庭'] ['fake']
['江歌妈妈起诉刘鑫案15日开庭'] ['fake']
['非全研究生考教师被取消资格'] ['fake']
['非全研究生考教师被取消资格'] ['fake']
['非全研究生考教师被取消资格'] ['fake']
['非全研究生考教师被取消资格'] ['fake']
['非全研究生考教师被取消资格'] ['fake']
['非全研究生考教师被取消资格'] ['fake']
['非全研究生考教师被取消资格'] ['fake']
['非全研究生考教师被取消资格'] ['fake']
['非全研究生考教师被取消资格'] ['fake']
['非全研究生考教师被取消资格'] ['fake']
['非全研究生考教师被取消资格'] ['fake']
['英国王室首次回应哈里梅根爆料'] ['fake']
['英国王室首次回应哈里梅根爆料'] ['fake']
['英国王室首次回应哈里梅根爆料'] ['fake']
['英国王室首次回应哈里梅根爆料'] ['fake']
['英国王室首次回应哈里梅根爆料'] ['fake']
['英国王室首次回应哈里梅根爆料'] ['fake']
['英国王室首次回应哈里梅根爆料'] ['fake']
['英国王室首次回应哈里梅根爆料'] ['fake']
['美国批准释放7.5亿只转基因蚊子'] ['fake']
['美国批准释放7.5亿只转基因蚊子'] ['fake']
['美国批准释放7.5亿只转基因蚊子'] ['fake']
['美国批准释放7.5亿只转基因蚊子'] ['fake']
['美国批准释放7.5亿只转基因蚊子'] ['fake']
['美国批准释放7.5亿只转基因蚊子'] ['fake']
['美国批准释放7.5亿只转基因蚊子'] ['fake']
['美国批准释放7.5亿只转基因蚊子'] ['fake']
['美国批准释放7.5亿只转基因蚊子'] ['fake']
['美国批准释放7.5亿只转基因蚊子'] ['fake']
['美国批准释放7.5亿只转基因蚊子'] ['fake']
['美国批准释放7.5亿只转基因蚊子'] ['fake']
['美国批准释放7.5亿只转基因蚊子'] ['fake']
['美国批准释放7.5亿只转基因蚊子'] ['fake']
['美国批准释放7.5亿只转基因蚊子'] ['fake']
['美国批准释放7.5亿只转基因蚊子'] ['fake']
['美国批准释放7.5亿只转基因蚊子'] ['fake']
['美国批准释放7.5亿只转基因蚊子'] ['fake']
['美国批准释放7.5亿只转基因蚊子'] ['fake']
['美国批准释放7.5亿只转基因蚊子'] ['fake']
['美国批准释放7.5亿只转基因蚊子'] ['fake']
['美国批准释放7.5亿只转基因蚊子'] ['fake']
['美国批准释放7.5亿只转基因蚊子'] ['fake']
['美国批准释放7.5亿只转基因蚊子'] ['fake']
['美国批准释放7.5亿只转基因蚊子'] ['fake']
['美国批准释放7.5亿只转基因蚊子'] ['fake']
['美国批准释放7.5亿只转基因蚊子'] ['fake']
['美国批准释放7.5亿只转基因蚊子'] ['fake']
['美国批准释放7.5亿只转基因蚊子'] ['fake']
['美国批准释放7.5亿只转基因蚊子'] ['fake']
['美国批准释放7.5亿只转基因蚊子'] ['fake']
['美国批准释放7.5亿只转基因蚊子'] ['fake']
['美国批准释放7.5亿只转基因蚊子'] ['fake']
['美国批准释放7.5亿只转基因蚊子'] ['fake']
['美国批准释放7.5亿只转基因蚊子'] ['fake']
['美国批准释放7.5亿只转基因蚊子'] ['fake']
['美国批准释放7.5亿只转基因蚊子'] ['fake']
['美国批准释放7.5亿只转基因蚊子'] ['fake']
['美国批准释放7.5亿只转基因蚊子'] ['fake']
['美国批准释放7.5亿只转基因蚊子'] ['fake']
['美国批准释放7.5亿只转基因蚊子'] ['fake']
['美国批准释放7.5亿只转基因蚊子'] ['fake']
['美国批准释放7.5亿只转基因蚊子'] ['fake']
['美国批准释放7.5亿只转基因蚊子'] ['fake']
['美国批准释放7.5亿只转基因蚊子'] ['fake']
['美国批准释放7.5亿只转基因蚊子'] ['fake']
['央视调查催吐管公开售卖'] ['fake']
['央视调查催吐管公开售卖'] ['fake']
['央视调查催吐管公开售卖'] ['fake']
['央视调查催吐管公开售卖'] ['fake']
['央视调查催吐管公开售卖'] ['fake']
['央视调查催吐管公开售卖'] ['fake']
['央视调查催吐管公开售卖'] ['fake']
['央视调查催吐管公开售卖'] ['fake']
['央视调查催吐管公开售卖'] ['fake']
['央视调查催吐管公开售卖'] ['fake']
['央视调查催吐管公开售卖'] ['fake']
['央视调查催吐管公开售卖'] ['fake']
['央视调查催吐管公开售卖'] ['fake']
['央视调查催吐管公开售卖'] ['fake']
['央视调查催吐管公开售卖'] ['fake']
['央视调查催吐管公开售卖'] ['fake']
['央视调查催吐管公开售卖'] ['fake']
['央视调查催吐管公开售卖'] ['fake']
['央视调查催吐管公开售卖'] ['fake']
['央视调查催吐管公开售卖'] ['fake']
['央视调查催吐管公开售卖'] ['fake']
['央视调查催吐管公开售卖'] ['fake']
['央视调查催吐管公开售卖'] ['fake']
['央视调查催吐管公开售卖'] ['fake']
['格力电器副总裁望靖东辞职'] ['fake']
['格力电器副总裁望靖东辞职'] ['fake']
['格力电器副总裁望靖东辞职'] ['fake']
['格力电器副总裁望靖东辞职'] ['fake']
['格力电器副总裁望靖东辞职'] ['fake']
['格力电器副总裁望靖东辞职'] ['fake']
['格力电器副总裁望靖东辞职'] ['fake']
['格力电器副总裁望靖东辞职'] ['fake']
['格力电器副总裁望靖东辞职'] ['fake']
['格力电器副总裁望靖东辞职'] ['fake']
['格力电器副总裁望靖东辞职'] ['fake']
['格力电器副总裁望靖东辞职'] ['fake']
['格力电器副总裁望靖东辞职'] ['fake']
['格力电器副总裁望靖东辞职'] ['fake']
['格力电器副总裁望靖东辞职'] ['fake']
['格力电器副总裁望靖东辞职'] ['fake']
['格力电器副总裁望靖东辞职'] ['fake']
['格力电器副总裁望靖东辞职'] ['fake']
['格力电器副总裁望靖东辞职'] ['fake']
['格力电器副总裁望靖东辞职'] ['fake']
['格力电器副总裁望靖东辞职'] ['fake']
['格力电器副总裁望靖东辞职'] ['fake']
['格力电器副总裁望靖东辞职'] ['fake']
['格力电器副总裁望靖东辞职'] ['fake']
['格力电器副总裁望靖东辞职'] ['fake']
['马拉多纳私人医生接受警方调查'] ['fake']
['马拉多纳私人医生接受警方调查'] ['fake']
['马拉多纳私人医生接受警方调查'] ['fake']
['马拉多纳私人医生接受警方调查'] ['fake']
['马拉多纳私人医生接受警方调查'] ['fake']
['北方投放储备蔬菜'] ['fake']
['北方投放储备蔬菜'] ['fake']
['北方投放储备蔬菜'] ['fake']
['北方投放储备蔬菜'] ['fake']
['北方投放储备蔬菜'] ['fake']
['北方投放储备蔬菜'] ['fake']
['北方投放储备蔬菜'] ['fake']
['特朗普或将接受结果但不承认败选'] ['fake']
['特朗普或将接受结果但不承认败选'] ['fake']
['特朗普或将接受结果但不承认败选'] ['fake']
['特朗普或将接受结果但不承认败选'] ['fake']
['特朗普或将接受结果但不承认败选'] ['fake']
['特朗普或将接受结果但不承认败选'] ['fake']
['特朗普或将接受结果但不承认败选'] ['fake']
['特朗普或将接受结果但不承认败选'] ['fake']
['特朗普或将接受结果但不承认败选'] ['fake']
['特朗普或将接受结果但不承认败选'] ['fake']
['特朗普或将接受结果但不承认败选'] ['fake']
['特朗普或将接受结果但不承认败选'] ['fake']
['特朗普或将接受结果但不承认败选'] ['fake']
['特朗普或将接受结果但不承认败选'] ['fake']
['特朗普或将接受结果但不承认败选'] ['fake']
['特朗普或将接受结果但不承认败选'] ['fake']
['特朗普或将接受结果但不承认败选'] ['fake']
['特朗普或将接受结果但不承认败选'] ['fake']
['特朗普或将接受结果但不承认败选'] ['fake']
['特朗普或将接受结果但不承认败选'] ['fake']
['特朗普或将接受结果但不承认败选'] ['fake']
['特朗普或将接受结果但不承认败选'] ['fake']
['特朗普或将接受结果但不承认败选'] ['fake']
['特朗普或将接受结果但不承认败选'] ['fake']
['特朗普或将接受结果但不承认败选'] ['fake']
['特朗普或将接受结果但不承认败选'] ['fake']
['特朗普或将接受结果但不承认败选'] ['fake']
['特朗普或将接受结果但不承认败选'] ['fake']
['特朗普或将接受结果但不承认败选'] ['fake']
['特朗普或将接受结果但不承认败选'] ['fake']
['特朗普或将接受结果但不承认败选'] ['fake']
['特朗普或将接受结果但不承认败选'] ['fake']
['特朗普或将接受结果但不承认败选'] ['fake']
['特朗普或将接受结果但不承认败选'] ['fake']
['特朗普或将接受结果但不承认败选'] ['fake']
['特朗普或将接受结果但不承认败选'] ['fake']
['特朗普或将接受结果但不承认败选'] ['fake']
['特朗普或将接受结果但不承认败选'] ['fake']
['特朗普或将接受结果但不承认败选'] ['fake']
['特朗普或将接受结果但不承认败选'] ['fake']
['特朗普或将接受结果但不承认败选'] ['fake']
['特朗普或将接受结果但不承认败选'] ['fake']
['特朗普或将接受结果但不承认败选'] ['fake']
['特朗普或将接受结果但不承认败选'] ['fake']
['特朗普或将接受结果但不承认败选'] ['fake']
['特朗普或将接受结果但不承认败选'] ['fake']
['特朗普或将接受结果但不承认败选'] ['fake']
['特朗普或将接受结果但不承认败选'] ['fake']
['特朗普或将接受结果但不承认败选'] ['fake']
['特朗普或将接受结果但不承认败选'] ['fake']
['特朗普或将接受结果但不承认败选'] ['fake']
['特朗普或将接受结果但不承认败选'] ['fake']
['特朗普或将接受结果但不承认败选'] ['fake']
['特朗普或将接受结果但不承认败选'] ['fake']
['特朗普或将接受结果但不承认败选'] ['fake']
['特朗普或将接受结果但不承认败选'] ['fake']
['特朗普或将接受结果但不承认败选'] ['fake']
['特朗普或将接受结果但不承认败选'] ['fake']
['特朗普或将接受结果但不承认败选'] ['fake']
['特朗普或将接受结果但不承认败选'] ['fake']
['特朗普或将接受结果但不承认败选'] ['fake']
['特朗普或将接受结果但不承认败选'] ['fake']
['特朗普或将接受结果但不承认败选'] ['fake']
['特朗普或将接受结果但不承认败选'] ['fake']
['特朗普或将接受结果但不承认败选'] ['fake']
['特朗普或将接受结果但不承认败选'] ['fake']
['美国防部暂停与拜登团队过渡工作'] ['fake']
['美国防部暂停与拜登团队过渡工作'] ['fake']
['美国防部暂停与拜登团队过渡工作'] ['fake']
['美国防部暂停与拜登团队过渡工作'] ['fake']
['美国防部暂停与拜登团队过渡工作'] ['fake']
['美国防部暂停与拜登团队过渡工作'] ['fake']
['美国防部暂停与拜登团队过渡工作'] ['fake']
['美国防部暂停与拜登团队过渡工作'] ['fake']
['美国防部暂停与拜登团队过渡工作'] ['fake']
['美国防部暂停与拜登团队过渡工作'] ['fake']
['美国防部暂停与拜登团队过渡工作'] ['fake']
['美国防部暂停与拜登团队过渡工作'] ['fake']
['美国防部暂停与拜登团队过渡工作'] ['fake']
['美国防部暂停与拜登团队过渡工作'] ['fake']
['美国防部暂停与拜登团队过渡工作'] ['fake']
['美国防部暂停与拜登团队过渡工作'] ['fake']
['美国防部暂停与拜登团队过渡工作'] ['fake']
['美国防部暂停与拜登团队过渡工作'] ['fake']
['华为愿意使用高通芯片'] ['fake']
['华为愿意使用高通芯片'] ['fake']
['华为愿意使用高通芯片'] ['fake']
['华为愿意使用高通芯片'] ['fake']
['华为愿意使用高通芯片'] ['fake']
['华为愿意使用高通芯片'] ['fake']
['华为愿意使用高通芯片'] ['fake']
['华为愿意使用高通芯片'] ['fake']
['华为愿意使用高通芯片'] ['fake']
['华为愿意使用高通芯片'] ['fake']
['华为愿意使用高通芯片'] ['fake']
['华为愿意使用高通芯片'] ['fake']
['华为愿意使用高通芯片'] ['fake']
['华为愿意使用高通芯片'] ['fake']
['华为愿意使用高通芯片'] ['fake']
['华为愿意使用高通芯片'] ['fake']
['华为愿意使用高通芯片'] ['fake']
['华为愿意使用高通芯片'] ['fake']
['华为愿意使用高通芯片'] ['fake']
['华为愿意使用高通芯片'] ['fake']
['华为愿意使用高通芯片'] ['fake']
['华为愿意使用高通芯片'] ['fake']
['华为愿意使用高通芯片'] ['fake']
['华为愿意使用高通芯片'] ['fake']
['华为愿意使用高通芯片'] ['fake']
['华为愿意使用高通芯片'] ['fake']
['华为愿意使用高通芯片'] ['fake']
['华为愿意使用高通芯片'] ['fake']
['华为愿意使用高通芯片'] ['fake']
['华为愿意使用高通芯片'] ['fake']
['华为愿意使用高通芯片'] ['fake']
['华为愿意使用高通芯片'] ['fake']
['两次申请被拒', '黎智英再申请保释'] ['fake']
['两次申请被拒', '黎智英再申请保释'] ['fake']
['两次申请被拒', '黎智英再申请保释'] ['fake']
['亚利桑那州正式认证拜登胜选'] ['fake']
['亚利桑那州正式认证拜登胜选'] ['fake']
['亚利桑那州正式认证拜登胜选'] ['fake']
['亚利桑那州正式认证拜登胜选'] ['fake']
['亚利桑那州正式认证拜登胜选'] ['fake']
['亚利桑那州正式认证拜登胜选'] ['fake']
['亚利桑那州正式认证拜登胜选'] ['fake']
['亚利桑那州正式认证拜登胜选'] ['fake']
['亚利桑那州正式认证拜登胜选'] ['fake']
['亚利桑那州正式认证拜登胜选'] ['fake']
['亚利桑那州正式认证拜登胜选'] ['fake']
['亚利桑那州正式认证拜登胜选'] ['fake']
['巴萨主席巴托梅乌辞职'] ['fake']
['巴萨主席巴托梅乌辞职'] ['fake']
['巴萨主席巴托梅乌辞职'] ['fake']
['巴萨主席巴托梅乌辞职'] ['fake']
['巴萨主席巴托梅乌辞职'] ['fake']
['巴萨主席巴托梅乌辞职'] ['fake']
['巴萨主席巴托梅乌辞职'] ['fake']
['巴萨主席巴托梅乌辞职'] ['fake']
['巴萨主席巴托梅乌辞职'] ['fake']
['巴萨主席巴托梅乌辞职'] ['fake']
['巴萨主席巴托梅乌辞职'] ['fake']
['巴萨主席巴托梅乌辞职'] ['fake']
['巴萨主席巴托梅乌辞职'] ['fake']
['巴萨主席巴托梅乌辞职'] ['fake']
['巴萨主席巴托梅乌辞职'] ['fake']
['巴萨主席巴托梅乌辞职'] ['fake']
['巴萨主席巴托梅乌辞职'] ['fake']
['巴萨主席巴托梅乌辞职'] ['fake']
['巴萨主席巴托梅乌辞职'] ['fake']
['巴萨主席巴托梅乌辞职'] ['fake']
['巴萨主席巴托梅乌辞职'] ['fake']
['巴萨主席巴托梅乌辞职'] ['fake']
['巴萨主席巴托梅乌辞职'] ['fake']
['巴萨主席巴托梅乌辞职'] ['fake']
['巴萨主席巴托梅乌辞职'] ['fake']
['巴萨主席巴托梅乌辞职'] ['fake']
['巴萨主席巴托梅乌辞职'] ['fake']
['巴萨主席巴托梅乌辞职'] ['fake']
['巴萨主席巴托梅乌辞职'] ['fake']
['巴萨主席巴托梅乌辞职'] ['fake']
['巴萨主席巴托梅乌辞职'] ['fake']
['巴萨主席巴托梅乌辞职'] ['fake']
['巴萨主席巴托梅乌辞职'] ['fake']
['巴萨主席巴托梅乌辞职'] ['fake']
['乔丹成为科比名人堂引荐人'] ['fake']
['乔丹成为科比名人堂引荐人'] ['fake']
['乔丹成为科比名人堂引荐人'] ['fake']
['乔丹成为科比名人堂引荐人'] ['fake']
['乔丹成为科比名人堂引荐人'] ['fake']
['乔丹成为科比名人堂引荐人'] ['fake']
['乔丹成为科比名人堂引荐人'] ['fake']
['乔丹成为科比名人堂引荐人'] ['fake']
['乔丹成为科比名人堂引荐人'] ['fake']
['乔丹成为科比名人堂引荐人'] ['fake']
['乔丹成为科比名人堂引荐人'] ['fake']
['乔丹成为科比名人堂引荐人'] ['fake']
['乔丹成为科比名人堂引荐人'] ['fake']
['乔丹成为科比名人堂引荐人'] ['fake']
['乔丹成为科比名人堂引荐人'] ['fake']
['乔丹成为科比名人堂引荐人'] ['fake']
['乔丹成为科比名人堂引荐人'] ['fake']
['乔丹成为科比名人堂引荐人'] ['fake']
['自媒体自导自演抢小孩被警方约谈'] ['fake']
['自媒体自导自演抢小孩被警方约谈'] ['fake']
['自媒体自导自演抢小孩被警方约谈'] ['fake']
['自媒体自导自演抢小孩被警方约谈'] ['fake']
['自媒体自导自演抢小孩被警方约谈'] ['fake']
['自媒体自导自演抢小孩被警方约谈'] ['fake']
['自媒体自导自演抢小孩被警方约谈'] ['fake']
['自媒体自导自演抢小孩被警方约谈'] ['fake']
['自媒体自导自演抢小孩被警方约谈'] ['fake']
['自媒体自导自演抢小孩被警方约谈'] ['fake']
['自媒体自导自演抢小孩被警方约谈'] ['fake']
['自媒体自导自演抢小孩被警方约谈'] ['fake']
['自媒体自导自演抢小孩被警方约谈'] ['fake']
['自媒体自导自演抢小孩被警方约谈'] ['fake']
['自媒体自导自演抢小孩被警方约谈'] ['fake']
['光头刘sir介绍香港警方新警告旗'] ['fake']
['光头刘sir介绍香港警方新警告旗'] ['fake']
['光头刘sir介绍香港警方新警告旗'] ['fake']
['光头刘sir介绍香港警方新警告旗'] ['fake']
['光头刘sir介绍香港警方新警告旗'] ['fake']
['光头刘sir介绍香港警方新警告旗'] ['fake']
['光头刘sir介绍香港警方新警告旗'] ['fake']
['光头刘sir介绍香港警方新警告旗'] ['fake']
['光头刘sir介绍香港警方新警告旗'] ['fake']
['光头刘sir介绍香港警方新警告旗'] ['fake']
['光头刘sir介绍香港警方新警告旗'] ['fake']
['光头刘sir介绍香港警方新警告旗'] ['fake']
['光头刘sir介绍香港警方新警告旗'] ['fake']
['特朗普炮轰北卡罗来纳州计票慢'] ['fake']
['特朗普炮轰北卡罗来纳州计票慢'] ['fake']
['特朗普炮轰北卡罗来纳州计票慢'] ['fake']
['特朗普炮轰北卡罗来纳州计票慢'] ['fake']
['特朗普炮轰北卡罗来纳州计票慢'] ['fake']
['特朗普炮轰北卡罗来纳州计票慢'] ['fake']
['特朗普炮轰北卡罗来纳州计票慢'] ['fake']
['特朗普炮轰北卡罗来纳州计票慢'] ['fake']
['特朗普炮轰北卡罗来纳州计票慢'] ['fake']
['特朗普炮轰北卡罗来纳州计票慢'] ['fake']
['特朗普炮轰北卡罗来纳州计票慢'] ['fake']
['特朗普炮轰北卡罗来纳州计票慢'] ['fake']
['特朗普炮轰北卡罗来纳州计票慢'] ['fake']
['特朗普炮轰北卡罗来纳州计票慢'] ['fake']
['特朗普炮轰北卡罗来纳州计票慢'] ['fake']
['特朗普炮轰北卡罗来纳州计票慢'] ['fake']
['特朗普炮轰北卡罗来纳州计票慢'] ['fake']
['特朗普炮轰北卡罗来纳州计票慢'] ['fake']
['特朗普炮轰北卡罗来纳州计票慢'] ['fake']
['维权车主丈夫回应起诉特斯拉副总'] ['fake']
['维权车主丈夫回应起诉特斯拉副总'] ['fake']
['维权车主丈夫回应起诉特斯拉副总'] ['fake']
['维权车主丈夫回应起诉特斯拉副总'] ['fake']
['维权车主丈夫回应起诉特斯拉副总'] ['fake']
['维权车主丈夫回应起诉特斯拉副总'] ['fake']
['维权车主丈夫回应起诉特斯拉副总'] ['fake']
['维权车主丈夫回应起诉特斯拉副总'] ['fake']
['维权车主丈夫回应起诉特斯拉副总'] ['fake']
['维权车主丈夫回应起诉特斯拉副总'] ['fake']
['维权车主丈夫回应起诉特斯拉副总'] ['fake']
['维权车主丈夫回应起诉特斯拉副总'] ['fake']
['维权车主丈夫回应起诉特斯拉副总'] ['fake']
['维权车主丈夫回应起诉特斯拉副总'] ['fake']
['苏宁全部股权质押给阿里旗下公司'] ['fake']
['苏宁全部股权质押给阿里旗下公司'] ['fake']
['苏宁全部股权质押给阿里旗下公司'] ['fake']
['官方回应综艺嘉宾采摘珍稀植物'] ['fake']
['官方回应综艺嘉宾采摘珍稀植物'] ['fake']
['官方回应综艺嘉宾采摘珍稀植物'] ['fake']
['官方回应综艺嘉宾采摘珍稀植物'] ['fake']
['官方回应综艺嘉宾采摘珍稀植物'] ['fake']
['官方回应综艺嘉宾采摘珍稀植物'] ['fake']
['官方回应综艺嘉宾采摘珍稀植物'] ['fake']
['官方回应综艺嘉宾采摘珍稀植物'] ['fake']
['官方回应综艺嘉宾采摘珍稀植物'] ['fake']
['官方回应综艺嘉宾采摘珍稀植物'] ['fake']
['官方回应综艺嘉宾采摘珍稀植物'] ['fake']
['官方回应综艺嘉宾采摘珍稀植物'] ['fake']
['官方回应综艺嘉宾采摘珍稀植物'] ['fake']
['官方回应综艺嘉宾采摘珍稀植物'] ['fake']
['官方回应综艺嘉宾采摘珍稀植物'] ['fake']
['官方回应综艺嘉宾采摘珍稀植物'] ['fake']
['官方回应综艺嘉宾采摘珍稀植物'] ['fake']
['官方回应综艺嘉宾采摘珍稀植物'] ['fake']
['官方回应综艺嘉宾采摘珍稀植物'] ['fake']
['官方回应综艺嘉宾采摘珍稀植物'] ['fake']
['官方回应综艺嘉宾采摘珍稀植物'] ['fake']
['官方回应综艺嘉宾采摘珍稀植物'] ['fake']
['官方回应综艺嘉宾采摘珍稀植物'] ['fake']
['官方回应综艺嘉宾采摘珍稀植物'] ['fake']
['官方回应综艺嘉宾采摘珍稀植物'] ['fake']
['官方回应综艺嘉宾采摘珍稀植物'] ['fake']
['官方回应综艺嘉宾采摘珍稀植物'] ['fake']
['官方回应综艺嘉宾采摘珍稀植物'] ['fake']
['官方回应综艺嘉宾采摘珍稀植物'] ['fake']
['官方回应综艺嘉宾采摘珍稀植物'] ['fake']
['官方回应综艺嘉宾采摘珍稀植物'] ['fake']
['官方回应综艺嘉宾采摘珍稀植物'] ['fake']
['官方回应综艺嘉宾采摘珍稀植物'] ['fake']
['日本番茄酱大王停止进口新疆番茄'] ['fake']
['日本番茄酱大王停止进口新疆番茄'] ['fake']
['日本番茄酱大王停止进口新疆番茄'] ['fake']
['日本番茄酱大王停止进口新疆番茄'] ['fake']
['日本番茄酱大王停止进口新疆番茄'] ['fake']
['日本番茄酱大王停止进口新疆番茄'] ['fake']
['日本番茄酱大王停止进口新疆番茄'] ['fake']
['日本番茄酱大王停止进口新疆番茄'] ['fake']
['日本番茄酱大王停止进口新疆番茄'] ['fake']
['日本番茄酱大王停止进口新疆番茄'] ['fake']
['日本番茄酱大王停止进口新疆番茄'] ['fake']
['日本番茄酱大王停止进口新疆番茄'] ['fake']
['日本番茄酱大王停止进口新疆番茄'] ['fake']
['日本番茄酱大王停止进口新疆番茄'] ['fake']
['日本番茄酱大王停止进口新疆番茄'] ['fake']
['日本番茄酱大王停止进口新疆番茄'] ['fake']
['日本番茄酱大王停止进口新疆番茄'] ['fake']
['日本番茄酱大王停止进口新疆番茄'] ['fake']
['日本番茄酱大王停止进口新疆番茄'] ['fake']
['日本番茄酱大王停止进口新疆番茄'] ['fake']
['日本番茄酱大王停止进口新疆番茄'] ['fake']
['菲律宾从伊撤侨'] ['fake']
['菲律宾从伊撤侨'] ['fake']
['菲律宾从伊撤侨'] ['fake']
['菲律宾从伊撤侨'] ['fake']
['菲律宾从伊撤侨'] ['fake']
['菲律宾从伊撤侨'] ['fake']
['菲律宾从伊撤侨'] ['fake']
['菲律宾从伊撤侨'] ['fake']
['菲律宾从伊撤侨'] ['fake']
['日本政府制作放射性氚吉祥物'] ['fake']
['日本政府制作放射性氚吉祥物'] ['fake']
['日本政府制作放射性氚吉祥物'] ['fake']
['日本政府制作放射性氚吉祥物'] ['fake']
['日本政府制作放射性氚吉祥物'] ['fake']
['日本政府制作放射性氚吉祥物'] ['fake']
['日本政府制作放射性氚吉祥物'] ['fake']
['日本政府制作放射性氚吉祥物'] ['fake']
['日本政府制作放射性氚吉祥物'] ['fake']
['日本政府制作放射性氚吉祥物'] ['fake']
['日本政府制作放射性氚吉祥物'] ['fake']
['日本政府制作放射性氚吉祥物'] ['fake']
['日本政府制作放射性氚吉祥物'] ['fake']
['日本政府制作放射性氚吉祥物'] ['fake']
['日本政府制作放射性氚吉祥物'] ['fake']
['日本政府制作放射性氚吉祥物'] ['fake']
['日本政府制作放射性氚吉祥物'] ['fake']
['日本政府制作放射性氚吉祥物'] ['fake']
['日本政府制作放射性氚吉祥物'] ['fake']
['日本政府制作放射性氚吉祥物'] ['fake']
['日本政府制作放射性氚吉祥物'] ['fake']
['日本政府制作放射性氚吉祥物'] ['fake']
['日本政府制作放射性氚吉祥物'] ['fake']
['日本政府制作放射性氚吉祥物'] ['fake']
['海底捞就涨价道歉'] ['fake']
['海底捞就涨价道歉'] ['fake']
['海底捞就涨价道歉'] ['fake']
['海底捞就涨价道歉'] ['fake']
['海底捞就涨价道歉'] ['fake']
['海底捞就涨价道歉'] ['fake']
['海底捞就涨价道歉'] ['fake']
['海底捞就涨价道歉'] ['fake']
['海底捞就涨价道歉'] ['fake']
['海底捞就涨价道歉'] ['fake']
['海底捞就涨价道歉'] ['fake']
['海底捞就涨价道歉'] ['fake']
['海底捞就涨价道歉'] ['fake']
['海底捞就涨价道歉'] ['fake']
['海底捞就涨价道歉'] ['fake']
['海底捞就涨价道歉'] ['fake']
['海底捞就涨价道歉'] ['fake']
['海底捞就涨价道歉'] ['fake']
['海底捞就涨价道歉'] ['fake']
['海底捞就涨价道歉'] ['fake']
['海底捞就涨价道歉'] ['fake']
['海底捞就涨价道歉'] ['fake']
['海底捞就涨价道歉'] ['fake']
['海底捞就涨价道歉'] ['fake']
['海底捞就涨价道歉'] ['fake']
['海底捞就涨价道歉'] ['fake']
['海底捞就涨价道歉'] ['fake']
['海底捞就涨价道歉'] ['fake']
['台海巡队强行登检大陆渔船'] ['fake']
['台海巡队强行登检大陆渔船'] ['fake']
['台海巡队强行登检大陆渔船'] ['fake']
['台海巡队强行登检大陆渔船'] ['fake']
['台海巡队强行登检大陆渔船'] ['fake']
['台海巡队强行登检大陆渔船'] ['fake']
['台海巡队强行登检大陆渔船'] ['fake']
['台海巡队强行登检大陆渔船'] ['fake']
['台海巡队强行登检大陆渔船'] ['fake']
['新冠疫苗冷藏车爆单'] ['fake']
['新冠疫苗冷藏车爆单'] ['fake']
['新冠疫苗冷藏车爆单'] ['fake']
['新冠疫苗冷藏车爆单'] ['fake']
['新冠疫苗冷藏车爆单'] ['fake']
['新冠疫苗冷藏车爆单'] ['fake']
['新冠疫苗冷藏车爆单'] ['fake']
['新冠疫苗冷藏车爆单'] ['fake']
['新冠疫苗冷藏车爆单'] ['fake']
['新冠疫苗冷藏车爆单'] ['fake']
['新冠疫苗冷藏车爆单'] ['fake']
['新冠疫苗冷藏车爆单'] ['fake']
['新冠疫苗冷藏车爆单'] ['fake']
['新冠疫苗冷藏车爆单'] ['fake']
['北京学区房降温'] ['fake']
['北京学区房降温'] ['fake']
['北京学区房降温'] ['fake']
['北京学区房降温'] ['fake']
['北京学区房降温'] ['fake']
['北京学区房降温'] ['fake']
['北京学区房降温'] ['fake']
['北京学区房降温'] ['fake']
['北京学区房降温'] ['fake']
['北京学区房降温'] ['fake']
['北京学区房降温'] ['fake']
['中方回应拜登称不会让中国超越美国'] ['fake']
['中方回应拜登称不会让中国超越美国'] ['fake']
['中方回应拜登称不会让中国超越美国'] ['fake']
['中方回应拜登称不会让中国超越美国'] ['fake']
['中方回应拜登称不会让中国超越美国'] ['fake']
['中方回应拜登称不会让中国超越美国'] ['fake']
['中方回应拜登称不会让中国超越美国'] ['fake']
['中方回应拜登称不会让中国超越美国'] ['fake']
['中方回应拜登称不会让中国超越美国'] ['fake']
['中方回应拜登称不会让中国超越美国'] ['fake']
['中方回应拜登称不会让中国超越美国'] ['fake']
['中方回应拜登称不会让中国超越美国'] ['fake']
['中方回应拜登称不会让中国超越美国'] ['fake']
['中方回应拜登称不会让中国超越美国'] ['fake']
['中方回应拜登称不会让中国超越美国'] ['fake']
['中方回应拜登称不会让中国超越美国'] ['fake']
['中方回应拜登称不会让中国超越美国'] ['fake']
['中方回应拜登称不会让中国超越美国'] ['fake']
['中方回应拜登称不会让中国超越美国'] ['fake']
['中方回应拜登称不会让中国超越美国'] ['fake']
['中方回应拜登称不会让中国超越美国'] ['fake']
['中方回应拜登称不会让中国超越美国'] ['fake']
['云南瑞丽严查边境非法偷渡情况'] ['fake']
['云南瑞丽严查边境非法偷渡情况'] ['fake']
['云南瑞丽严查边境非法偷渡情况'] ['fake']
['云南瑞丽严查边境非法偷渡情况'] ['fake']
['云南瑞丽严查边境非法偷渡情况'] ['fake']
['中印同意举行下一轮军长级会谈'] ['fake']
['中印同意举行下一轮军长级会谈'] ['fake']
['中印同意举行下一轮军长级会谈'] ['fake']
['中印同意举行下一轮军长级会谈'] ['fake']
['中印同意举行下一轮军长级会谈'] ['fake']
['中印同意举行下一轮军长级会谈'] ['fake']
['中印同意举行下一轮军长级会谈'] ['fake']
['中印同意举行下一轮军长级会谈'] ['fake']
['中印同意举行下一轮军长级会谈'] ['fake']
['中印同意举行下一轮军长级会谈'] ['fake']
['中印同意举行下一轮军长级会谈'] ['fake']
['中印同意举行下一轮军长级会谈'] ['fake']
['中印同意举行下一轮军长级会谈'] ['fake']
['中印同意举行下一轮军长级会谈'] ['fake']
['中印同意举行下一轮军长级会谈'] ['fake']
['中印同意举行下一轮军长级会谈'] ['fake']
['中印同意举行下一轮军长级会谈'] ['fake']
['三毛家人与版权方联合声明'] ['fake']
['三毛家人与版权方联合声明'] ['fake']
['三毛家人与版权方联合声明'] ['fake']
['三毛家人与版权方联合声明'] ['fake']
['三毛家人与版权方联合声明'] ['fake']
['三毛家人与版权方联合声明'] ['fake']
['三毛家人与版权方联合声明'] ['fake']
['达芙妮宣布彻底退出实体零售'] ['fake']
['达芙妮宣布彻底退出实体零售'] ['fake']
['达芙妮宣布彻底退出实体零售'] ['fake']
['达芙妮宣布彻底退出实体零售'] ['fake']
['达芙妮宣布彻底退出实体零售'] ['fake']
['阿根廷全民隔离'] ['fake']
['阿根廷全民隔离'] ['fake']
['阿根廷全民隔离'] ['fake']
['阿根廷全民隔离'] ['fake']
['阿根廷全民隔离'] ['fake']
['阿根廷全民隔离'] ['fake']
['北京可随手拍举报交通违法行为'] ['fake']
['北京可随手拍举报交通违法行为'] ['fake']
['北京可随手拍举报交通违法行为'] ['fake']
['北京可随手拍举报交通违法行为'] ['fake']
['北京可随手拍举报交通违法行为'] ['fake']
['北京可随手拍举报交通违法行为'] ['fake']
['北京可随手拍举报交通违法行为'] ['fake']
['北京可随手拍举报交通违法行为'] ['fake']
['北京可随手拍举报交通违法行为'] ['fake']
['北京可随手拍举报交通违法行为'] ['fake']
['北京可随手拍举报交通违法行为'] ['fake']
['北京可随手拍举报交通违法行为'] ['fake']
['北京可随手拍举报交通违法行为'] ['fake']
['央行工作论文提出应全面放开生育'] ['fake']
['央行工作论文提出应全面放开生育'] ['fake']
['石家庄为发布会延迟道歉'] ['fake']
['石家庄为发布会延迟道歉'] ['fake']
['良品铺子就鸡肉肠事件致歉'] ['fake']
['良品铺子就鸡肉肠事件致歉'] ['fake']
['良品铺子就鸡肉肠事件致歉'] ['fake']
['良品铺子就鸡肉肠事件致歉'] ['fake']
['良品铺子就鸡肉肠事件致歉'] ['fake']
['良品铺子就鸡肉肠事件致歉'] ['fake']
['良品铺子就鸡肉肠事件致歉'] ['fake']
['良品铺子就鸡肉肠事件致歉'] ['fake']
['长安蔚来正式更名为阿维塔科技'] ['fake']
['长安蔚来正式更名为阿维塔科技'] ['fake']
['长安蔚来正式更名为阿维塔科技'] ['fake']
['长安蔚来正式更名为阿维塔科技'] ['fake']
['长安蔚来正式更名为阿维塔科技'] ['fake']
['长安蔚来正式更名为阿维塔科技'] ['fake']
['长安蔚来正式更名为阿维塔科技'] ['fake']
['长安蔚来正式更名为阿维塔科技'] ['fake']
['长安蔚来正式更名为阿维塔科技'] ['fake']
['长安蔚来正式更名为阿维塔科技'] ['fake']
['长安蔚来正式更名为阿维塔科技'] ['fake']
['长安蔚来正式更名为阿维塔科技'] ['fake']
['长安蔚来正式更名为阿维塔科技'] ['fake']
['长安蔚来正式更名为阿维塔科技'] ['fake']
['长安蔚来正式更名为阿维塔科技'] ['fake']
['长安蔚来正式更名为阿维塔科技'] ['fake']
['长安蔚来正式更名为阿维塔科技'] ['fake']
['长安蔚来正式更名为阿维塔科技'] ['fake']
['长安蔚来正式更名为阿维塔科技'] ['fake']
['长安蔚来正式更名为阿维塔科技'] ['fake']
['长安蔚来正式更名为阿维塔科技'] ['fake']
['长安蔚来正式更名为阿维塔科技'] ['fake']
['长安蔚来正式更名为阿维塔科技'] ['fake']
['长安蔚来正式更名为阿维塔科技'] ['fake']
['长安蔚来正式更名为阿维塔科技'] ['fake']
['雷军回应小米取消附送充电器'] ['fake']
['雷军回应小米取消附送充电器'] ['fake']
['雷军回应小米取消附送充电器'] ['fake']
['雷军回应小米取消附送充电器'] ['fake']
['雷军回应小米取消附送充电器'] ['fake']
['雷军回应小米取消附送充电器'] ['fake']
['雷军回应小米取消附送充电器'] ['fake']
['雷军回应小米取消附送充电器'] ['fake']
['雷军回应小米取消附送充电器'] ['fake']
['雷军回应小米取消附送充电器'] ['fake']
['雷军回应小米取消附送充电器'] ['fake']
['雷军回应小米取消附送充电器'] ['fake']
['雷军回应小米取消附送充电器'] ['fake']
['雷军回应小米取消附送充电器'] ['fake']
['雷军回应小米取消附送充电器'] ['fake']
['雷军回应小米取消附送充电器'] ['fake']
['雷军回应小米取消附送充电器'] ['fake']
['雷军回应小米取消附送充电器'] ['fake']
['雷军回应小米取消附送充电器'] ['fake']
['广州男子拒绝配合核检并袭警被刑拘'] ['fake']
['广州男子拒绝配合核检并袭警被刑拘'] ['fake']
['广州男子拒绝配合核检并袭警被刑拘'] ['fake']
['广州男子拒绝配合核检并袭警被刑拘'] ['fake']
['黎智英被加控勾结外国今日提讯'] ['fake']
['黎智英被加控勾结外国今日提讯'] ['fake']
['黎智英被加控勾结外国今日提讯'] ['fake']
['黎智英被加控勾结外国今日提讯'] ['fake']
['黎智英被加控勾结外国今日提讯'] ['fake']
['黎智英被加控勾结外国今日提讯'] ['fake']
['黎智英被加控勾结外国今日提讯'] ['fake']
['黎智英被加控勾结外国今日提讯'] ['fake']
['黎智英被加控勾结外国今日提讯'] ['fake']
['俄罗斯遭禁赛4年'] ['fake']
['俄罗斯遭禁赛4年'] ['fake']
['俄罗斯遭禁赛4年'] ['fake']
['俄罗斯遭禁赛4年'] ['fake']
['俄罗斯遭禁赛4年'] ['fake']
['俄罗斯遭禁赛4年'] ['fake']
['俄罗斯遭禁赛4年'] ['fake']
['俄罗斯遭禁赛4年'] ['fake']
['俄罗斯遭禁赛4年'] ['fake']
['俄罗斯遭禁赛4年'] ['fake']
['俄罗斯遭禁赛4年'] ['fake']
['俄罗斯遭禁赛4年'] ['fake']
['俄罗斯遭禁赛4年'] ['fake']
['俄罗斯遭禁赛4年'] ['fake']
['俄罗斯遭禁赛4年'] ['fake']
['俄罗斯遭禁赛4年'] ['fake']
['俄罗斯遭禁赛4年'] ['fake']
['俄罗斯遭禁赛4年'] ['fake']
['俄罗斯遭禁赛4年'] ['fake']
['俄罗斯遭禁赛4年'] ['fake']
['俄罗斯遭禁赛4年'] ['fake']
['俄罗斯遭禁赛4年'] ['fake']
['俄罗斯遭禁赛4年'] ['fake']
['俄罗斯遭禁赛4年'] ['fake']
['俄罗斯遭禁赛4年'] ['fake']
['解放军今起在台海附近实战化演练'] ['fake']
['解放军今起在台海附近实战化演练'] ['fake']
['解放军今起在台海附近实战化演练'] ['fake']
['解放军今起在台海附近实战化演练'] ['fake']
['解放军今起在台海附近实战化演练'] ['fake']
['解放军今起在台海附近实战化演练'] ['fake']
['解放军今起在台海附近实战化演练'] ['fake']
['解放军今起在台海附近实战化演练'] ['fake']
['解放军今起在台海附近实战化演练'] ['fake']
['解放军今起在台海附近实战化演练'] ['fake']
['解放军今起在台海附近实战化演练'] ['fake']
['解放军今起在台海附近实战化演练'] ['fake']
['解放军今起在台海附近实战化演练'] ['fake']
['外交部回应美军舰穿航台湾海峡'] ['fake']
['外交部回应美军舰穿航台湾海峡'] ['fake']
['外交部回应美军舰穿航台湾海峡'] ['fake']
['外交部回应美军舰穿航台湾海峡'] ['fake']
['外交部回应美军舰穿航台湾海峡'] ['fake']
['外交部回应美军舰穿航台湾海峡'] ['fake']
['外交部回应美军舰穿航台湾海峡'] ['fake']
['外交部回应美军舰穿航台湾海峡'] ['fake']
['金融管理部门将约谈蚂蚁集团'] ['fake']
['金融管理部门将约谈蚂蚁集团'] ['fake']
['金融管理部门将约谈蚂蚁集团'] ['fake']
['劳斯莱斯回应拼多多122万元补贴'] ['fake']
['劳斯莱斯回应拼多多122万元补贴'] ['fake']
['劳斯莱斯回应拼多多122万元补贴'] ['fake']
['劳斯莱斯回应拼多多122万元补贴'] ['fake']
['劳斯莱斯回应拼多多122万元补贴'] ['fake']
['劳斯莱斯回应拼多多122万元补贴'] ['fake']
['劳斯莱斯回应拼多多122万元补贴'] ['fake']
['劳斯莱斯回应拼多多122万元补贴'] ['fake']
['劳斯莱斯回应拼多多122万元补贴'] ['fake']
['劳斯莱斯回应拼多多122万元补贴'] ['fake']
['劳斯莱斯回应拼多多122万元补贴'] ['fake']
['劳斯莱斯回应拼多多122万元补贴'] ['fake']
['劳斯莱斯回应拼多多122万元补贴'] ['fake']
['劳斯莱斯回应拼多多122万元补贴'] ['fake']
['劳斯莱斯回应拼多多122万元补贴'] ['fake']
['劳斯莱斯回应拼多多122万元补贴'] ['fake']
['劳斯莱斯回应拼多多122万元补贴'] ['fake']
['劳斯莱斯回应拼多多122万元补贴'] ['fake']
['劳斯莱斯回应拼多多122万元补贴'] ['fake']
['劳斯莱斯回应拼多多122万元补贴'] ['fake']
['劳斯莱斯回应拼多多122万元补贴'] ['fake']
['印度安全部队遇袭致22死'] ['fake']
['印度安全部队遇袭致22死'] ['fake']
['印度安全部队遇袭致22死'] ['fake']
['印度安全部队遇袭致22死'] ['fake']
['印度安全部队遇袭致22死'] ['fake']
['印度安全部队遇袭致22死'] ['fake']
['印度安全部队遇袭致22死'] ['fake']
['印度安全部队遇袭致22死'] ['fake']
['印度安全部队遇袭致22死'] ['fake']
['印度安全部队遇袭致22死'] ['fake']
['印度安全部队遇袭致22死'] ['fake']
['印度安全部队遇袭致22死'] ['fake']
['印度安全部队遇袭致22死'] ['fake']
['印度安全部队遇袭致22死'] ['fake']
['美政府将两家中企列入黑名单'] ['fake']
['美政府将两家中企列入黑名单'] ['fake']
['美政府将两家中企列入黑名单'] ['fake']
['美政府将两家中企列入黑名单'] ['fake']
['美政府将两家中企列入黑名单'] ['fake']
['美政府将两家中企列入黑名单'] ['fake']
['美政府将两家中企列入黑名单'] ['fake']
['美政府将两家中企列入黑名单'] ['fake']
['美政府将两家中企列入黑名单'] ['fake']
['美政府将两家中企列入黑名单'] ['fake']
['美政府将两家中企列入黑名单'] ['fake']
['美政府将两家中企列入黑名单'] ['fake']
['美政府将两家中企列入黑名单'] ['fake']
['美政府将两家中企列入黑名单'] ['fake']
['美政府将两家中企列入黑名单'] ['fake']
['美政府将两家中企列入黑名单'] ['fake']
['美政府将两家中企列入黑名单'] ['fake']
['美政府将两家中企列入黑名单'] ['fake']
['美政府将两家中企列入黑名单'] ['fake']
['新疆曾多次邀请欧盟驻华使节参访'] ['fake']
['新疆曾多次邀请欧盟驻华使节参访'] ['fake']
['新疆曾多次邀请欧盟驻华使节参访'] ['fake']
['新疆曾多次邀请欧盟驻华使节参访'] ['fake']
['新疆曾多次邀请欧盟驻华使节参访'] ['fake']
['新疆曾多次邀请欧盟驻华使节参访'] ['fake']
['特朗普否决国防授权法案'] ['fake']
['特朗普否决国防授权法案'] ['fake']
['特朗普否决国防授权法案'] ['fake']
['特朗普否决国防授权法案'] ['fake']
['特朗普否决国防授权法案'] ['fake']
['特朗普否决国防授权法案'] ['fake']
['特朗普否决国防授权法案'] ['fake']
['特朗普否决国防授权法案'] ['fake']
['特朗普否决国防授权法案'] ['fake']
['特朗普否决国防授权法案'] ['fake']
['特朗普否决国防授权法案'] ['fake']
['特朗普否决国防授权法案'] ['fake']
['特朗普否决国防授权法案'] ['fake']
['特朗普否决国防授权法案'] ['fake']
['特朗普否决国防授权法案'] ['fake']
['特朗普否决国防授权法案'] ['fake']
['特朗普否决国防授权法案'] ['fake']
['特朗普否决国防授权法案'] ['fake']
['小布什祝贺拜登胜选'] ['fake']
['小布什祝贺拜登胜选'] ['fake']
['小布什祝贺拜登胜选'] ['fake']
['小布什祝贺拜登胜选'] ['fake']
['小布什祝贺拜登胜选'] ['fake']
['小布什祝贺拜登胜选'] ['fake']
['小布什祝贺拜登胜选'] ['fake']
['小布什祝贺拜登胜选'] ['fake']
['小布什祝贺拜登胜选'] ['fake']
['小布什祝贺拜登胜选'] ['fake']
['小布什祝贺拜登胜选'] ['fake']
['小布什祝贺拜登胜选'] ['fake']
['小布什祝贺拜登胜选'] ['fake']
['小布什祝贺拜登胜选'] ['fake']
['小布什祝贺拜登胜选'] ['fake']
['小布什祝贺拜登胜选'] ['fake']
['小布什祝贺拜登胜选'] ['fake']
['小布什祝贺拜登胜选'] ['fake']
['小布什祝贺拜登胜选'] ['fake']
['小布什祝贺拜登胜选'] ['fake']
['小布什祝贺拜登胜选'] ['fake']
['小布什祝贺拜登胜选'] ['fake']
['小布什祝贺拜登胜选'] ['fake']
['小布什祝贺拜登胜选'] ['fake']
['女王支持哈里决定'] ['fake']
['女王支持哈里决定'] ['fake']
['女王支持哈里决定'] ['fake']
['女王支持哈里决定'] ['fake']
['女王支持哈里决定'] ['fake']
['女王支持哈里决定'] ['fake']
['女王支持哈里决定'] ['fake']
['女王支持哈里决定'] ['fake']
['女王支持哈里决定'] ['fake']
['女王支持哈里决定'] ['fake']
['女王支持哈里决定'] ['fake']
['女王支持哈里决定'] ['fake']
['女王支持哈里决定'] ['fake']
['女王支持哈里决定'] ['fake']
['女王支持哈里决定'] ['fake']
['韩国总统文在寅与拜登首次通话'] ['fake']
['韩国总统文在寅与拜登首次通话'] ['fake']
['韩国总统文在寅与拜登首次通话'] ['fake']
['韩国总统文在寅与拜登首次通话'] ['fake']
['韩国总统文在寅与拜登首次通话'] ['fake']
['韩国总统文在寅与拜登首次通话'] ['fake']
['韩国总统文在寅与拜登首次通话'] ['fake']
['韩国总统文在寅与拜登首次通话'] ['fake']
['韩国总统文在寅与拜登首次通话'] ['fake']
['韩国总统文在寅与拜登首次通话'] ['fake']
['韩国总统文在寅与拜登首次通话'] ['fake']
['韩国总统文在寅与拜登首次通话'] ['fake']
['韩国总统文在寅与拜登首次通话'] ['fake']
['特朗普团队在内华达州诉讼被驳回'] ['fake']
['特朗普团队在内华达州诉讼被驳回'] ['fake']
['特朗普团队在内华达州诉讼被驳回'] ['fake']
['特朗普团队在内华达州诉讼被驳回'] ['fake']
['特朗普团队在内华达州诉讼被驳回'] ['fake']
['特朗普团队在内华达州诉讼被驳回'] ['fake']
['特朗普团队在内华达州诉讼被驳回'] ['fake']
['特朗普团队在内华达州诉讼被驳回'] ['fake']
['特朗普团队在内华达州诉讼被驳回'] ['fake']
['特朗普团队在内华达州诉讼被驳回'] ['fake']
['特朗普团队在内华达州诉讼被驳回'] ['fake']
['特朗普团队在内华达州诉讼被驳回'] ['fake']
['特朗普团队在内华达州诉讼被驳回'] ['fake']
['特朗普团队在内华达州诉讼被驳回'] ['fake']
['特朗普团队在内华达州诉讼被驳回'] ['fake']
['特朗普团队在内华达州诉讼被驳回'] ['fake']
['苹果拒绝参加反垄断听证会'] ['fake']
['苹果拒绝参加反垄断听证会'] ['fake']
['苹果拒绝参加反垄断听证会'] ['fake']
['苹果拒绝参加反垄断听证会'] ['fake']
['苹果拒绝参加反垄断听证会'] ['fake']
['苹果拒绝参加反垄断听证会'] ['fake']
['苹果拒绝参加反垄断听证会'] ['fake']
['苹果拒绝参加反垄断听证会'] ['fake']
['苹果拒绝参加反垄断听证会'] ['fake']
['苹果拒绝参加反垄断听证会'] ['fake']
['苹果拒绝参加反垄断听证会'] ['fake']
['苹果拒绝参加反垄断听证会'] ['fake']
['苹果拒绝参加反垄断听证会'] ['fake']
['苹果拒绝参加反垄断听证会'] ['fake']
['苹果拒绝参加反垄断听证会'] ['fake']
['苹果拒绝参加反垄断听证会'] ['fake']
['苹果拒绝参加反垄断听证会'] ['fake']
['苹果拒绝参加反垄断听证会'] ['fake']
['苹果拒绝参加反垄断听证会'] ['fake']
['中国邮政成立奶茶店'] ['fake']
['中国邮政成立奶茶店'] ['fake']
['中国邮政成立奶茶店'] ['fake']
['中国邮政成立奶茶店'] ['fake']
['中国邮政成立奶茶店'] ['fake']
['中国邮政成立奶茶店'] ['fake']
['中国邮政成立奶茶店'] ['fake']
['中国邮政成立奶茶店'] ['fake']
['中国邮政成立奶茶店'] ['fake']
['中国邮政成立奶茶店'] ['fake']
['特朗普嘲笑拜登连摔3次'] ['fake']
['特朗普嘲笑拜登连摔3次'] ['fake']
['特朗普嘲笑拜登连摔3次'] ['fake']
['特朗普嘲笑拜登连摔3次'] ['fake']
['特朗普嘲笑拜登连摔3次'] ['fake']
['特朗普嘲笑拜登连摔3次'] ['fake']
['特朗普嘲笑拜登连摔3次'] ['fake']
['特朗普嘲笑拜登连摔3次'] ['fake']
['特朗普嘲笑拜登连摔3次'] ['fake']
['特朗普嘲笑拜登连摔3次'] ['fake']
['特朗普嘲笑拜登连摔3次'] ['fake']
['特朗普嘲笑拜登连摔3次'] ['fake']
['特朗普嘲笑拜登连摔3次'] ['fake']
['特朗普嘲笑拜登连摔3次'] ['fake']
['特朗普嘲笑拜登连摔3次'] ['fake']
['特朗普嘲笑拜登连摔3次'] ['fake']
['特朗普嘲笑拜登连摔3次'] ['fake']
['特朗普嘲笑拜登连摔3次'] ['fake']
['特朗普嘲笑拜登连摔3次'] ['fake']
['特朗普嘲笑拜登连摔3次'] ['fake']
['特朗普嘲笑拜登连摔3次'] ['fake']
['特朗普嘲笑拜登连摔3次'] ['fake']
['英国将不为菲利普亲王举行国葬'] ['fake']
['英国将不为菲利普亲王举行国葬'] ['fake']
['英国将不为菲利普亲王举行国葬'] ['fake']
['英国将不为菲利普亲王举行国葬'] ['fake']
['英国将不为菲利普亲王举行国葬'] ['fake']
['英国将不为菲利普亲王举行国葬'] ['fake']
['英国将不为菲利普亲王举行国葬'] ['fake']
['英国将不为菲利普亲王举行国葬'] ['fake']
['英国将不为菲利普亲王举行国葬'] ['fake']
['英国将不为菲利普亲王举行国葬'] ['fake']
['英国将不为菲利普亲王举行国葬'] ['fake']
['英国将不为菲利普亲王举行国葬'] ['fake']
['英国将不为菲利普亲王举行国葬'] ['fake']
['英国将不为菲利普亲王举行国葬'] ['fake']
['英国将不为菲利普亲王举行国葬'] ['fake']
['英国将不为菲利普亲王举行国葬'] ['fake']
['英国将不为菲利普亲王举行国葬'] ['fake']
['英国将不为菲利普亲王举行国葬'] ['fake']
['英国将不为菲利普亲王举行国葬'] ['fake']
['英国将不为菲利普亲王举行国葬'] ['fake']
['英国将不为菲利普亲王举行国葬'] ['fake']
['英国将不为菲利普亲王举行国葬'] ['fake']
['英国将不为菲利普亲王举行国葬'] ['fake']
['英国将不为菲利普亲王举行国葬'] ['fake']
['英国将不为菲利普亲王举行国葬'] ['fake']
['英国将不为菲利普亲王举行国葬'] ['fake']
['英国将不为菲利普亲王举行国葬'] ['fake']
['英国将不为菲利普亲王举行国葬'] ['fake']
['英国将不为菲利普亲王举行国葬'] ['fake']
['特朗普要在多个摇摆州提起诉讼'] ['fake']
['特朗普要在多个摇摆州提起诉讼'] ['fake']
['拜登团队回应五角大楼暂停过渡'] ['fake']
['拜登团队回应五角大楼暂停过渡'] ['fake']
['拜登团队回应五角大楼暂停过渡'] ['fake']
['拜登团队回应五角大楼暂停过渡'] ['fake']
['拜登团队回应五角大楼暂停过渡'] ['fake']
['拜登团队回应五角大楼暂停过渡'] ['fake']
['拜登团队回应五角大楼暂停过渡'] ['fake']
['拜登团队回应五角大楼暂停过渡'] ['fake']
['拜登团队回应五角大楼暂停过渡'] ['fake']
['拜登团队回应五角大楼暂停过渡'] ['fake']
['拜登团队回应五角大楼暂停过渡'] ['fake']
['拜登团队回应五角大楼暂停过渡'] ['fake']
['拜登团队回应五角大楼暂停过渡'] ['fake']
['拜登团队回应五角大楼暂停过渡'] ['fake']
['拜登团队回应五角大楼暂停过渡'] ['fake']
['拜登团队回应五角大楼暂停过渡'] ['fake']
['拜登团队回应五角大楼暂停过渡'] ['fake']
['拜登团队回应五角大楼暂停过渡'] ['fake']
['拜登团队回应五角大楼暂停过渡'] ['fake']
['权相佑方否认非法赌博'] ['fake']
['权相佑方否认非法赌博'] ['fake']
['权相佑方否认非法赌博'] ['fake']
['权相佑方否认非法赌博'] ['fake']
['权相佑方否认非法赌博'] ['fake']
['权相佑方否认非法赌博'] ['fake']
['权相佑方否认非法赌博'] ['fake']
['权相佑方否认非法赌博'] ['fake']
['权相佑方否认非法赌博'] ['fake']
['权相佑方否认非法赌博'] ['fake']
['权相佑方否认非法赌博'] ['fake']
['泰国国王凌晨秘密入院治疗'] ['fake']
['泰国国王凌晨秘密入院治疗'] ['fake']
['泰国国王凌晨秘密入院治疗'] ['fake']
['泰国国王凌晨秘密入院治疗'] ['fake']
['泰国国王凌晨秘密入院治疗'] ['fake']
['泰国国王凌晨秘密入院治疗'] ['fake']
['泰国国王凌晨秘密入院治疗'] ['fake']
['刘诗雯无缘东京奥运会单打'] ['fake']
['刘诗雯无缘东京奥运会单打'] ['fake']
['刘诗雯无缘东京奥运会单打'] ['fake']
['刘诗雯无缘东京奥运会单打'] ['fake']
['刘诗雯无缘东京奥运会单打'] ['fake']
['刘诗雯无缘东京奥运会单打'] ['fake']
['刘诗雯无缘东京奥运会单打'] ['fake']
['刘诗雯无缘东京奥运会单打'] ['fake']
['刘诗雯无缘东京奥运会单打'] ['fake']
['刘诗雯无缘东京奥运会单打'] ['fake']
['刘诗雯无缘东京奥运会单打'] ['fake']
['刘诗雯无缘东京奥运会单打'] ['fake']
['刘诗雯无缘东京奥运会单打'] ['fake']
['刘诗雯无缘东京奥运会单打'] ['fake']
['刘诗雯无缘东京奥运会单打'] ['fake']
['刘诗雯无缘东京奥运会单打'] ['fake']
['刘诗雯无缘东京奥运会单打'] ['fake']
['刘诗雯无缘东京奥运会单打'] ['fake']
['刘诗雯无缘东京奥运会单打'] ['fake']
['刘诗雯无缘东京奥运会单打'] ['fake']
['刘诗雯无缘东京奥运会单打'] ['fake']
['陈梦女单三连冠'] ['fake']
['陈梦女单三连冠'] ['fake']
['陈梦女单三连冠'] ['fake']
['陈梦女单三连冠'] ['fake']
['陈梦女单三连冠'] ['fake']
['陈梦女单三连冠'] ['fake']
['陈梦女单三连冠'] ['fake']
['陈梦女单三连冠'] ['fake']
['陈梦女单三连冠'] ['fake']
['黎巴嫩首都发生大规模示威活动'] ['fake']
['台民众认为两岸或开战', '国台办回应'] ['fake']
['台民众认为两岸或开战', '国台办回应'] ['fake']
['台民众认为两岸或开战', '国台办回应'] ['fake']
['台民众认为两岸或开战', '国台办回应'] ['fake']
['台民众认为两岸或开战', '国台办回应'] ['fake']
['台民众认为两岸或开战', '国台办回应'] ['fake']
['台民众认为两岸或开战', '国台办回应'] ['fake']
['台民众认为两岸或开战', '国台办回应'] ['fake']
['台民众认为两岸或开战', '国台办回应'] ['fake']
['台民众认为两岸或开战', '国台办回应'] ['fake']
['台民众认为两岸或开战', '国台办回应'] ['fake']
['台民众认为两岸或开战', '国台办回应'] ['fake']
['台民众认为两岸或开战', '国台办回应'] ['fake']
['台民众认为两岸或开战', '国台办回应'] ['fake']
['台民众认为两岸或开战', '国台办回应'] ['fake']
['台民众认为两岸或开战', '国台办回应'] ['fake']
['台民众认为两岸或开战', '国台办回应'] ['fake']
['台民众认为两岸或开战', '国台办回应'] ['fake']
['台民众认为两岸或开战', '国台办回应'] ['fake']
['台民众认为两岸或开战', '国台办回应'] ['fake']
['台民众认为两岸或开战', '国台办回应'] ['fake']
['台民众认为两岸或开战', '国台办回应'] ['fake']
['台民众认为两岸或开战', '国台办回应'] ['fake']
['维密秀正式取消'] ['fake']
['维密秀正式取消'] ['fake']
['维密秀正式取消'] ['fake']
['维密秀正式取消'] ['fake']
['维密秀正式取消'] ['fake']
['维密秀正式取消'] ['fake']
['维密秀正式取消'] ['fake']
['韩总理谴责日本核废水排海决定'] ['fake']
['韩总理谴责日本核废水排海决定'] ['fake']
['韩总理谴责日本核废水排海决定'] ['fake']
['韩总理谴责日本核废水排海决定'] ['fake']
['韩总理谴责日本核废水排海决定'] ['fake']
['韩总理谴责日本核废水排海决定'] ['fake']
['韩总理谴责日本核废水排海决定'] ['fake']
['韩总理谴责日本核废水排海决定'] ['fake']
['韩总理谴责日本核废水排海决定'] ['fake']
['韩总理谴责日本核废水排海决定'] ['fake']
['韩总理谴责日本核废水排海决定'] ['fake']
['韩总理谴责日本核废水排海决定'] ['fake']
['韩总理谴责日本核废水排海决定'] ['fake']
['韩总理谴责日本核废水排海决定'] ['fake']
['韩总理谴责日本核废水排海决定'] ['fake']
['韩总理谴责日本核废水排海决定'] ['fake']
['韩总理谴责日本核废水排海决定'] ['fake']
['韩总理谴责日本核废水排海决定'] ['fake']
['韩总理谴责日本核废水排海决定'] ['fake']
['韩总理谴责日本核废水排海决定'] ['fake']
['韩总理谴责日本核废水排海决定'] ['fake']
['韩总理谴责日本核废水排海决定'] ['fake']
['韩总理谴责日本核废水排海决定'] ['fake']
['韩总理谴责日本核废水排海决定'] ['fake']
['韩总理谴责日本核废水排海决定'] ['fake']
['韩总理谴责日本核废水排海决定'] ['fake']
['中芯国际向美方申请继续供货华为'] ['fake']
['中芯国际向美方申请继续供货华为'] ['fake']
['中芯国际向美方申请继续供货华为'] ['fake']
['中芯国际向美方申请继续供货华为'] ['fake']
['中芯国际向美方申请继续供货华为'] ['fake']
['东部战区回应美军舰穿航台湾海峡'] ['fake']
['东部战区回应美军舰穿航台湾海峡'] ['fake']
['东部战区回应美军舰穿航台湾海峡'] ['fake']
['东部战区回应美军舰穿航台湾海峡'] ['fake']
['东部战区回应美军舰穿航台湾海峡'] ['fake']
['东部战区回应美军舰穿航台湾海峡'] ['fake']
['东部战区回应美军舰穿航台湾海峡'] ['fake']
['东部战区回应美军舰穿航台湾海峡'] ['fake']
['外交部再次回应美对台军售'] ['fake']
['外交部再次回应美对台军售'] ['fake']
['外交部再次回应美对台军售'] ['fake']
['外交部再次回应美对台军售'] ['fake']
['外交部再次回应美对台军售'] ['fake']
['外交部再次回应美对台军售'] ['fake']
['外交部再次回应美对台军售'] ['fake']
['外交部再次回应美对台军售'] ['fake']
['外交部再次回应美对台军售'] ['fake']
['外交部再次回应美对台军售'] ['fake']
['外交部再次回应美对台军售'] ['fake']
['外交部再次回应美对台军售'] ['fake']
['外交部再次回应美对台军售'] ['fake']
['外交部再次回应美对台军售'] ['fake']
['外交部再次回应美对台军售'] ['fake']
['外交部再次回应美对台军售'] ['fake']
['外交部再次回应美对台军售'] ['fake']
['外交部再次回应美对台军售'] ['fake']
['外交部再次回应美对台军售'] ['fake']
['外交部再次回应美对台军售'] ['fake']
['东方明珠证实被雷暴击中天线'] ['fake']
['黎巴嫩政府全体辞职'] ['fake']
['黎巴嫩政府全体辞职'] ['fake']
['黎巴嫩政府全体辞职'] ['fake']
['黎巴嫩政府全体辞职'] ['fake']
['黎巴嫩政府全体辞职'] ['fake']
['黎巴嫩政府全体辞职'] ['fake']
['黎巴嫩政府全体辞职'] ['fake']
['黎巴嫩政府全体辞职'] ['fake']
['黎巴嫩政府全体辞职'] ['fake']
['黎巴嫩政府全体辞职'] ['fake']
['黎巴嫩政府全体辞职'] ['fake']
['黎巴嫩政府全体辞职'] ['fake']
['黎巴嫩政府全体辞职'] ['fake']
['官方回应多名外国人高铁上不戴口罩'] ['fake']
['官方回应多名外国人高铁上不戴口罩'] ['fake']
['官方回应多名外国人高铁上不戴口罩'] ['fake']
['官方回应多名外国人高铁上不戴口罩'] ['fake']
['官方回应多名外国人高铁上不戴口罩'] ['fake']
['官方回应多名外国人高铁上不戴口罩'] ['fake']
['官方回应多名外国人高铁上不戴口罩'] ['fake']
['官方回应多名外国人高铁上不戴口罩'] ['fake']
['官方回应多名外国人高铁上不戴口罩'] ['fake']
['官方回应多名外国人高铁上不戴口罩'] ['fake']
['官方回应多名外国人高铁上不戴口罩'] ['fake']
['官方回应多名外国人高铁上不戴口罩'] ['fake']
['官方回应多名外国人高铁上不戴口罩'] ['fake']
['官方回应多名外国人高铁上不戴口罩'] ['fake']
['官方回应多名外国人高铁上不戴口罩'] ['fake']
['官方回应多名外国人高铁上不戴口罩'] ['fake']
['官方回应多名外国人高铁上不戴口罩'] ['fake']
['官方回应多名外国人高铁上不戴口罩'] ['fake']
['以色列国防军向黎巴嫩境内开炮'] ['fake']
['以色列国防军向黎巴嫩境内开炮'] ['fake']
['以色列国防军向黎巴嫩境内开炮'] ['fake']
['以色列国防军向黎巴嫩境内开炮'] ['fake']
['以色列国防军向黎巴嫩境内开炮'] ['fake']
['以色列国防军向黎巴嫩境内开炮'] ['fake']
['以色列国防军向黎巴嫩境内开炮'] ['fake']
['日本计划重启3座高龄核电机组'] ['fake']
['日本计划重启3座高龄核电机组'] ['fake']
['日本计划重启3座高龄核电机组'] ['fake']
['日本计划重启3座高龄核电机组'] ['fake']
['日本计划重启3座高龄核电机组'] ['fake']
['日本计划重启3座高龄核电机组'] ['fake']
['日本计划重启3座高龄核电机组'] ['fake']
['日本计划重启3座高龄核电机组'] ['fake']
['日本计划重启3座高龄核电机组'] ['fake']
['日本计划重启3座高龄核电机组'] ['fake']
['冯小刚向华谊支付1.68亿业绩补偿'] ['fake']
['世卫将科兴疫苗列入紧急使用清单'] ['fake']
['世卫将科兴疫苗列入紧急使用清单'] ['fake']
['世卫将科兴疫苗列入紧急使用清单'] ['fake']
['世卫将科兴疫苗列入紧急使用清单'] ['fake']
['世卫将科兴疫苗列入紧急使用清单'] ['fake']
['世卫将科兴疫苗列入紧急使用清单'] ['fake']
['世卫将科兴疫苗列入紧急使用清单'] ['fake']
['世卫将科兴疫苗列入紧急使用清单'] ['fake']
['世卫将科兴疫苗列入紧急使用清单'] ['fake']
['世卫将科兴疫苗列入紧急使用清单'] ['fake']
['世卫将科兴疫苗列入紧急使用清单'] ['fake']
['迪士尼计划裁员32000人'] ['fake']
['迪士尼计划裁员32000人'] ['fake']
['迪士尼计划裁员32000人'] ['fake']
['迪士尼计划裁员32000人'] ['fake']
['迪士尼计划裁员32000人'] ['fake']
['迪士尼计划裁员32000人'] ['fake']
['迪士尼计划裁员32000人'] ['fake']
['外交部回应美欲放宽与台湾官方往来'] ['fake']
['外交部回应美欲放宽与台湾官方往来'] ['fake']
['外交部回应美欲放宽与台湾官方往来'] ['fake']
['外交部回应美欲放宽与台湾官方往来'] ['fake']
['外交部回应美欲放宽与台湾官方往来'] ['fake']
['外交部回应美欲放宽与台湾官方往来'] ['fake']
['外交部回应美欲放宽与台湾官方往来'] ['fake']
['外交部回应美欲放宽与台湾官方往来'] ['fake']
['外交部回应美欲放宽与台湾官方往来'] ['fake']
['外交部回应美欲放宽与台湾官方往来'] ['fake']
['外交部回应美欲放宽与台湾官方往来'] ['fake']
['外交部回应美欲放宽与台湾官方往来'] ['fake']
['外交部回应美欲放宽与台湾官方往来'] ['fake']
['外交部回应美欲放宽与台湾官方往来'] ['fake']
['外交部回应美欲放宽与台湾官方往来'] ['fake']
['外交部回应美欲放宽与台湾官方往来'] ['fake']
['外交部回应美欲放宽与台湾官方往来'] ['fake']
['外交部回应美欲放宽与台湾官方往来'] ['fake']
['外交部回应美欲放宽与台湾官方往来'] ['fake']
['外交部回应美欲放宽与台湾官方往来'] ['fake']
['外交部回应美欲放宽与台湾官方往来'] ['fake']
['外交部回应美欲放宽与台湾官方往来'] ['fake']
['外交部回应美欲放宽与台湾官方往来'] ['fake']
['外交部回应美欲放宽与台湾官方往来'] ['fake']
['外交部回应美欲放宽与台湾官方往来'] ['fake']
['外交部回应美欲放宽与台湾官方往来'] ['fake']
['员工请假被拒在工厂自杀身亡'] ['fake']
['员工请假被拒在工厂自杀身亡'] ['fake']
['员工请假被拒在工厂自杀身亡'] ['fake']
['员工请假被拒在工厂自杀身亡'] ['fake']
['员工请假被拒在工厂自杀身亡'] ['fake']
['员工请假被拒在工厂自杀身亡'] ['fake']
['员工请假被拒在工厂自杀身亡'] ['fake']
['员工请假被拒在工厂自杀身亡'] ['fake']
['员工请假被拒在工厂自杀身亡'] ['fake']
['员工请假被拒在工厂自杀身亡'] ['fake']
['员工请假被拒在工厂自杀身亡'] ['fake']
['中国加入全球最大自贸区'] ['fake']
['特朗普官网承接各种红白喜事祝词'] ['fake']
['特朗普官网承接各种红白喜事祝词'] ['fake']
['代表建议对教师工资免税'] ['fake']
['代表建议对教师工资免税'] ['fake']
['代表建议对教师工资免税'] ['fake']
['代表建议对教师工资免税'] ['fake']
['代表建议对教师工资免税'] ['fake']
['代表建议对教师工资免税'] ['fake']
['代表建议对教师工资免税'] ['fake']
['代表建议对教师工资免税'] ['fake']
['代表建议对教师工资免税'] ['fake']
['代表建议对教师工资免税'] ['fake']
['代表建议对教师工资免税'] ['fake']
['台军向解放军无人机喊话'] ['fake']
['台军向解放军无人机喊话'] ['fake']
['台军向解放军无人机喊话'] ['fake']
['台军向解放军无人机喊话'] ['fake']
['台军向解放军无人机喊话'] ['fake']
['台军向解放军无人机喊话'] ['fake']
['台军向解放军无人机喊话'] ['fake']
['台军向解放军无人机喊话'] ['fake']
['台军向解放军无人机喊话'] ['fake']
['台军向解放军无人机喊话'] ['fake']
['台军向解放军无人机喊话'] ['fake']
['台军向解放军无人机喊话'] ['fake']
['台军向解放军无人机喊话'] ['fake']
['卫国戍边英雄获评五四奖章集体'] ['fake']
['卫国戍边英雄获评五四奖章集体'] ['fake']
['卫国戍边英雄获评五四奖章集体'] ['fake']
['卫国戍边英雄获评五四奖章集体'] ['fake']
['卫国戍边英雄获评五四奖章集体'] ['fake']
['卫国戍边英雄获评五四奖章集体'] ['fake']
['卫国戍边英雄获评五四奖章集体'] ['fake']
['卫国戍边英雄获评五四奖章集体'] ['fake']
['卫国戍边英雄获评五四奖章集体'] ['fake']
['特朗普坚称没有疫苗病毒会消失'] ['fake']
['特朗普坚称没有疫苗病毒会消失'] ['fake']
['特朗普坚称没有疫苗病毒会消失'] ['fake']
['特朗普坚称没有疫苗病毒会消失'] ['fake']
['特朗普坚称没有疫苗病毒会消失'] ['fake']
['特朗普坚称没有疫苗病毒会消失'] ['fake']
['特朗普坚称没有疫苗病毒会消失'] ['fake']
['特朗普坚称没有疫苗病毒会消失'] ['fake']
['特朗普坚称没有疫苗病毒会消失'] ['fake']
['特朗普坚称没有疫苗病毒会消失'] ['fake']
['特朗普坚称没有疫苗病毒会消失'] ['fake']
['特朗普坚称没有疫苗病毒会消失'] ['fake']
['特朗普坚称没有疫苗病毒会消失'] ['fake']
['特朗普坚称没有疫苗病毒会消失'] ['fake']
['特朗普坚称没有疫苗病毒会消失'] ['fake']
['特朗普坚称没有疫苗病毒会消失'] ['fake']
['特朗普坚称没有疫苗病毒会消失'] ['fake']
['特朗普坚称没有疫苗病毒会消失'] ['fake']
['特朗普坚称没有疫苗病毒会消失'] ['fake']
['特朗普坚称没有疫苗病毒会消失'] ['fake']
['特朗普坚称没有疫苗病毒会消失'] ['fake']
['特朗普坚称没有疫苗病毒会消失'] ['fake']
['特朗普坚称没有疫苗病毒会消失'] ['fake']
['特朗普坚称没有疫苗病毒会消失'] ['fake']
['特朗普坚称没有疫苗病毒会消失'] ['fake']
['特朗普坚称没有疫苗病毒会消失'] ['fake']
['特朗普坚称没有疫苗病毒会消失'] ['fake']
['特朗普坚称没有疫苗病毒会消失'] ['fake']
['特朗普坚称没有疫苗病毒会消失'] ['fake']
['特朗普坚称没有疫苗病毒会消失'] ['fake']
['特朗普坚称没有疫苗病毒会消失'] ['fake']
['特朗普坚称没有疫苗病毒会消失'] ['fake']
['外交部回应朝鲜发射不明飞行物'] ['fake']
['外交部回应朝鲜发射不明飞行物'] ['fake']
['外交部回应朝鲜发射不明飞行物'] ['fake']
['外交部回应朝鲜发射不明飞行物'] ['fake']
['外交部回应朝鲜发射不明飞行物'] ['fake']
['女孩坐货拉拉跳车身亡', '司机被刑拘'] ['fake']
['女孩坐货拉拉跳车身亡', '司机被刑拘'] ['fake']
['女孩坐货拉拉跳车身亡', '司机被刑拘'] ['fake']
['女孩坐货拉拉跳车身亡', '司机被刑拘'] ['fake']
['女孩坐货拉拉跳车身亡', '司机被刑拘'] ['fake']
['女孩坐货拉拉跳车身亡', '司机被刑拘'] ['fake']
['印度暂停入境签证'] ['fake']
['印度暂停入境签证'] ['fake']
['印度暂停入境签证'] ['fake']
['印度暂停入境签证'] ['fake']
['印度暂停入境签证'] ['fake']
['男子篡改核酸报告回国确诊获刑一年'] ['fake']
['男子篡改核酸报告回国确诊获刑一年'] ['fake']
['男子篡改核酸报告回国确诊获刑一年'] ['fake']
['男子篡改核酸报告回国确诊获刑一年'] ['fake']
['央视评货拉拉女用户坠亡案'] ['fake']
['央视评货拉拉女用户坠亡案'] ['fake']
['央视评货拉拉女用户坠亡案'] ['fake']
['央视评货拉拉女用户坠亡案'] ['fake']
['美国拟与华为合作'] ['fake']
['美国拟与华为合作'] ['fake']
['美国拟与华为合作'] ['fake']
['美国拟与华为合作'] ['fake']
['美国拟与华为合作'] ['fake']
['伊朗媒体否认高级指挥官遇袭身亡'] ['fake']
['伊朗媒体否认高级指挥官遇袭身亡'] ['fake']
['伊朗媒体否认高级指挥官遇袭身亡'] ['fake']
['伊朗媒体否认高级指挥官遇袭身亡'] ['fake']
['伊朗媒体否认高级指挥官遇袭身亡'] ['fake']
['伊朗媒体否认高级指挥官遇袭身亡'] ['fake']
['伊朗媒体否认高级指挥官遇袭身亡'] ['fake']
['伊朗媒体否认高级指挥官遇袭身亡'] ['fake']
['伊朗媒体否认高级指挥官遇袭身亡'] ['fake']
['伊朗媒体否认高级指挥官遇袭身亡'] ['fake']
['伊朗媒体否认高级指挥官遇袭身亡'] ['fake']
['伊朗媒体否认高级指挥官遇袭身亡'] ['fake']
['伊朗媒体否认高级指挥官遇袭身亡'] ['fake']
['伊朗媒体否认高级指挥官遇袭身亡'] ['fake']
['伊朗媒体否认高级指挥官遇袭身亡'] ['fake']
['伊朗媒体否认高级指挥官遇袭身亡'] ['fake']
['伊朗媒体否认高级指挥官遇袭身亡'] ['fake']
['伊朗媒体否认高级指挥官遇袭身亡'] ['fake']
['伊朗媒体否认高级指挥官遇袭身亡'] ['fake']
['伊朗媒体否认高级指挥官遇袭身亡'] ['fake']
['伊朗媒体否认高级指挥官遇袭身亡'] ['fake']
['伊朗媒体否认高级指挥官遇袭身亡'] ['fake']
['伊朗媒体否认高级指挥官遇袭身亡'] ['fake']
['伊朗媒体否认高级指挥官遇袭身亡'] ['fake']
['伊朗媒体否认高级指挥官遇袭身亡'] ['fake']
['伊朗媒体否认高级指挥官遇袭身亡'] ['fake']
['伊朗媒体否认高级指挥官遇袭身亡'] ['fake']
['伊朗媒体否认高级指挥官遇袭身亡'] ['fake']
['伊朗媒体否认高级指挥官遇袭身亡'] ['fake']
['广州暂停新冠疫苗社会接种'] ['fake']
['波音巴航谈判破裂'] ['fake']
['波音巴航谈判破裂'] ['fake']
['波音巴航谈判破裂'] ['fake']
['波音巴航谈判破裂'] ['fake']
['波音巴航谈判破裂'] ['fake']
['波音巴航谈判破裂'] ['fake']
['波音巴航谈判破裂'] ['fake']
['波音巴航谈判破裂'] ['fake']
['波音巴航谈判破裂'] ['fake']
['波音巴航谈判破裂'] ['fake']
['波音巴航谈判破裂'] ['fake']
['波音巴航谈判破裂'] ['fake']
['波音巴航谈判破裂'] ['fake']
['波音巴航谈判破裂'] ['fake']
['波音巴航谈判破裂'] ['fake']
['波音巴航谈判破裂'] ['fake']
['波音巴航谈判破裂'] ['fake']
['波音巴航谈判破裂'] ['fake']
['波音巴航谈判破裂'] ['fake']
['波音巴航谈判破裂'] ['fake']
['波音巴航谈判破裂'] ['fake']
['波音巴航谈判破裂'] ['fake']
['波音巴航谈判破裂'] ['fake']
['美两党支持者白宫外对峙发生冲突'] ['fake']
['美两党支持者白宫外对峙发生冲突'] ['fake']
['美两党支持者白宫外对峙发生冲突'] ['fake']
['美两党支持者白宫外对峙发生冲突'] ['fake']
['美两党支持者白宫外对峙发生冲突'] ['fake']
['美两党支持者白宫外对峙发生冲突'] ['fake']
['伊朗承认击落客机'] ['fake']
['伊朗承认击落客机'] ['fake']
['伊朗承认击落客机'] ['fake']
['伊朗承认击落客机'] ['fake']
['伊朗承认击落客机'] ['fake']
['伊朗承认击落客机'] ['fake']
['伊朗承认击落客机'] ['fake']
['伊朗承认击落客机'] ['fake']
['伊朗承认击落客机'] ['fake']
['伊朗承认击落客机'] ['fake']
['伊朗承认击落客机'] ['fake']
['伊朗承认击落客机'] ['fake']
['伊朗承认击落客机'] ['fake']
['伊朗承认击落客机'] ['fake']
['伊朗承认击落客机'] ['fake']
['伊朗承认击落客机'] ['fake']
['伊朗承认击落客机'] ['fake']
['伊朗承认击落客机'] ['fake']
['伊朗承认击落客机'] ['fake']
['伊朗承认击落客机'] ['fake']
['伊朗承认击落客机'] ['fake']
['伊朗承认击落客机'] ['fake']
['伊朗承认击落客机'] ['fake']
['伊朗承认击落客机'] ['fake']
['伊朗承认击落客机'] ['fake']
['伊朗承认击落客机'] ['fake']
['伊朗承认击落客机'] ['fake']
['伊朗承认击落客机'] ['fake']
['伊朗承认击落客机'] ['fake']
['伊朗承认击落客机'] ['fake']
['伊朗承认击落客机'] ['fake']
['伊朗承认击落客机'] ['fake']
['伊朗承认击落客机'] ['fake']
['伊朗承认击落客机'] ['fake']
['伊朗承认击落客机'] ['fake']
['疫情致印度童婚事件显著增加'] ['fake']
['疫情致印度童婚事件显著增加'] ['fake']
['中方回应美将限制中企在美上市'] ['fake']
['中方回应美将限制中企在美上市'] ['fake']
['中方回应美将限制中企在美上市'] ['fake']
['中方回应美将限制中企在美上市'] ['fake']
['中方回应美将限制中企在美上市'] ['fake']
['中方回应美将限制中企在美上市'] ['fake']
['中方回应美将限制中企在美上市'] ['fake']
['中方回应美将限制中企在美上市'] ['fake']
['中方回应美将限制中企在美上市'] ['fake']
['中方回应美将限制中企在美上市'] ['fake']
['中方回应美将限制中企在美上市'] ['fake']
['中方回应美将限制中企在美上市'] ['fake']
['中方回应美将限制中企在美上市'] ['fake']
['中方回应美将限制中企在美上市'] ['fake']
['中方回应美将限制中企在美上市'] ['fake']
['中方回应美将限制中企在美上市'] ['fake']
['圣地亚哥实施宵禁'] ['fake']
['圣地亚哥实施宵禁'] ['fake']
['圣地亚哥实施宵禁'] ['fake']
['圣地亚哥实施宵禁'] ['fake']
['圣地亚哥实施宵禁'] ['fake']
['代理商举报酒鬼酒'] ['fake']
['代理商举报酒鬼酒'] ['fake']
['代理商举报酒鬼酒'] ['fake']
['代理商举报酒鬼酒'] ['fake']
['代理商举报酒鬼酒'] ['fake']
['日本强征高价口罩'] ['fake']
['日本强征高价口罩'] ['fake']
['日本强征高价口罩'] ['fake']
['日本强征高价口罩'] ['fake']
['日本强征高价口罩'] ['fake']
['日本强征高价口罩'] ['fake']
['日本强征高价口罩'] ['fake']
['日本强征高价口罩'] ['fake']
['日本强征高价口罩'] ['fake']
['日本强征高价口罩'] ['fake']
['日本强征高价口罩'] ['fake']
['日本强征高价口罩'] ['fake']
['日本强征高价口罩'] ['fake']
['日本强征高价口罩'] ['fake']
['日本强征高价口罩'] ['fake']
['日本强征高价口罩'] ['fake']
['日本强征高价口罩'] ['fake']
['日本强征高价口罩'] ['fake']
['日本强征高价口罩'] ['fake']
['日本强征高价口罩'] ['fake']
['任豪为“日本核废水”言论道歉'] ['fake']
['任豪为“日本核废水”言论道歉'] ['fake']
['任豪为“日本核废水”言论道歉'] ['fake']
['任豪为“日本核废水”言论道歉'] ['fake']
['任豪为“日本核废水”言论道歉'] ['fake']
['任豪为“日本核废水”言论道歉'] ['fake']
['任豪为“日本核废水”言论道歉'] ['fake']
['任豪为“日本核废水”言论道歉'] ['fake']
['任豪为“日本核废水”言论道歉'] ['fake']
['任豪为“日本核废水”言论道歉'] ['fake']
['任豪为“日本核废水”言论道歉'] ['fake']
['任豪为“日本核废水”言论道歉'] ['fake']
['任豪为“日本核废水”言论道歉'] ['fake']
['任豪为“日本核废水”言论道歉'] ['fake']
['任豪为“日本核废水”言论道歉'] ['fake']
['任豪为“日本核废水”言论道歉'] ['fake']
['任豪为“日本核废水”言论道歉'] ['fake']
['任豪为“日本核废水”言论道歉'] ['fake']
['任豪为“日本核废水”言论道歉'] ['fake']
['任豪为“日本核废水”言论道歉'] ['fake']
['任豪为“日本核废水”言论道歉'] ['fake']
['任豪为“日本核废水”言论道歉'] ['fake']
['任豪为“日本核废水”言论道歉'] ['fake']
['任豪为“日本核废水”言论道歉'] ['fake']
['任豪为“日本核废水”言论道歉'] ['fake']
['任豪为“日本核废水”言论道歉'] ['fake']
['任豪为“日本核废水”言论道歉'] ['fake']
['任豪为“日本核废水”言论道歉'] ['fake']
['任豪为“日本核废水”言论道歉'] ['fake']
['任豪为“日本核废水”言论道歉'] ['fake']
['任豪为“日本核废水”言论道歉'] ['fake']
['任豪为“日本核废水”言论道歉'] ['fake']
['任豪为“日本核废水”言论道歉'] ['fake']
['任豪为“日本核废水”言论道歉'] ['fake']
['任豪为“日本核废水”言论道歉'] ['fake']
['任豪为“日本核废水”言论道歉'] ['fake']
['任豪为“日本核废水”言论道歉'] ['fake']
['任豪为“日本核废水”言论道歉'] ['fake']
['任豪为“日本核废水”言论道歉'] ['fake']
['任豪为“日本核废水”言论道歉'] ['fake']
['任豪为“日本核废水”言论道歉'] ['fake']
['任豪为“日本核废水”言论道歉'] ['fake']
['任豪为“日本核废水”言论道歉'] ['fake']
['任豪为“日本核废水”言论道歉'] ['fake']
['任豪为“日本核废水”言论道歉'] ['fake']
['任豪为“日本核废水”言论道歉'] ['fake']
['任豪为“日本核废水”言论道歉'] ['fake']
['美国创建太空部队'] ['fake']
['美国创建太空部队'] ['fake']
['美国创建太空部队'] ['fake']
['美国创建太空部队'] ['fake']
['美国创建太空部队'] ['fake']
['美国创建太空部队'] ['fake']
['美国创建太空部队'] ['fake']
['美国创建太空部队'] ['fake']
['美国创建太空部队'] ['fake']
['美国创建太空部队'] ['fake']
['美国创建太空部队'] ['fake']
['美国创建太空部队'] ['fake']
['美国创建太空部队'] ['fake']
['美国创建太空部队'] ['fake']
['美国创建太空部队'] ['fake']
['冯提莫告整形医院'] ['fake']
['冯提莫告整形医院'] ['fake']
['冯提莫告整形医院'] ['fake']
['冯提莫告整形医院'] ['fake']
['冯提莫告整形医院'] ['fake']
['冯提莫告整形医院'] ['fake']
['冯提莫告整形医院'] ['fake']
['冯提莫告整形医院'] ['fake']
['冯提莫告整形医院'] ['fake']
['冯提莫告整形医院'] ['fake']
['冯提莫告整形医院'] ['fake']
['冯提莫告整形医院'] ['fake']
['冯提莫告整形医院'] ['fake']
['冯提莫告整形医院'] ['fake']
['冯提莫告整形医院'] ['fake']
['冯提莫告整形医院'] ['fake']
['冯提莫告整形医院'] ['fake']
['冯提莫告整形医院'] ['fake']
['冯提莫告整形医院'] ['fake']
['外逃15年红通人员蔡瑛回国投案'] ['fake']
['外逃15年红通人员蔡瑛回国投案'] ['fake']
['韩民间人士起诉中韩政府败诉'] ['fake']
['韩民间人士起诉中韩政府败诉'] ['fake']
['韩民间人士起诉中韩政府败诉'] ['fake']
['韩民间人士起诉中韩政府败诉'] ['fake']
['韩民间人士起诉中韩政府败诉'] ['fake']
['韩民间人士起诉中韩政府败诉'] ['fake']
['韩民间人士起诉中韩政府败诉'] ['fake']
['韩民间人士起诉中韩政府败诉'] ['fake']
['韩民间人士起诉中韩政府败诉'] ['fake']
['韩民间人士起诉中韩政府败诉'] ['fake']
['新加坡航空推飞机餐厅'] ['fake']
['新加坡航空推飞机餐厅'] ['fake']
['新加坡航空推飞机餐厅'] ['fake']
['新加坡航空推飞机餐厅'] ['fake']
['新加坡航空推飞机餐厅'] ['fake']
['新加坡航空推飞机餐厅'] ['fake']
['新加坡航空推飞机餐厅'] ['fake']
['新加坡航空推飞机餐厅'] ['fake']
['新加坡航空推飞机餐厅'] ['fake']
['加拿大为215位儿童遗骸降半旗'] ['fake']
['加拿大为215位儿童遗骸降半旗'] ['fake']
['美国硬币不够用了'] ['fake']
  0%|          | 0/2142 [00:00<?, ?it/s]  6%|▋         | 138/2142 [00:00<00:01, 1371.65it/s] 13%|█▎        | 276/2142 [00:00<00:01, 1206.86it/s] 19%|█▊        | 398/2142 [00:00<00:01, 1191.37it/s] 24%|██▍       | 518/2142 [00:00<00:01, 1145.73it/s] 30%|███       | 644/2142 [00:00<00:01, 1182.59it/s] 36%|███▌      | 767/2142 [00:00<00:01, 1197.37it/s] 41%|████▏     | 888/2142 [00:00<00:01, 1170.81it/s] 47%|████▋     | 1006/2142 [00:00<00:00, 1157.52it/s] 53%|█████▎    | 1125/2142 [00:00<00:00, 1161.53it/s] 58%|█████▊    | 1242/2142 [00:01<00:00, 1160.69it/s] 63%|██████▎   | 1359/2142 [00:01<00:00, 1160.82it/s] 69%|██████▉   | 1476/2142 [00:01<00:00, 1129.80it/s] 75%|███████▌  | 1609/2142 [00:01<00:00, 1187.25it/s] 81%|████████  | 1729/2142 [00:01<00:00, 1157.51it/s] 86%|████████▌ | 1846/2142 [00:01<00:00, 1157.00it/s] 92%|█████████▏| 1962/2142 [00:01<00:00, 1151.00it/s] 97%|█████████▋| 2087/2142 [00:01<00:00, 1179.70it/s]100%|██████████| 2142/2142 [00:01<00:00, 1171.63it/s]
2023-03-03 11:25:30,291 - ote_model/mrc_paddle/main.py[line:247] - INFO: Saving features into cached file data/seq_input/cached_dev_roberta-wwm-ext-large_512
2023-03-03 11:25:30,672 - ote_model/mrc_paddle/main.py[line:135] - INFO: ***** Running evaluation  *****
2023-03-03 11:25:30,672 - ote_model/mrc_paddle/main.py[line:136] - INFO:   Num examples = 2142
2023-03-03 11:25:30,672 - ote_model/mrc_paddle/main.py[line:137] - INFO:   Batch size = 4
Evaluating:   0%|          | 0/536 [00:00<?, ?it/s]W0303 11:25:31.235862  5055 gpu_resources.cc:201] WARNING: device:  . The installed Paddle is compiled with CUDNN 8.1, but CUDNN version in your machine is 8.0, which may cause serious incompatible bug. Please recompile or reinstall Paddle with compatible CUDNN version.
Evaluating:   0%|          | 1/536 [00:01<10:58,  1.23s/it]Evaluating:   0%|          | 2/536 [00:01<05:12,  1.71it/s]Evaluating:   1%|          | 3/536 [00:01<03:27,  2.57it/s]Evaluating:   1%|          | 4/536 [00:01<02:32,  3.49it/s]Evaluating:   1%|          | 5/536 [00:01<02:07,  4.16it/s]Evaluating:   1%|          | 6/536 [00:01<01:47,  4.93it/s]Evaluating:   1%|▏         | 7/536 [00:02<01:39,  5.34it/s]Evaluating:   1%|▏         | 8/536 [00:02<01:28,  5.95it/s]Evaluating:   2%|▏         | 9/536 [00:02<01:26,  6.07it/s]Evaluating:   2%|▏         | 10/536 [00:02<01:21,  6.49it/s]Evaluating:   2%|▏         | 11/536 [00:02<02:01,  4.31it/s]Evaluating:   2%|▏         | 12/536 [00:03<01:45,  4.97it/s]Evaluating:   2%|▏         | 13/536 [00:03<01:37,  5.35it/s]Evaluating:   3%|▎         | 14/536 [00:03<01:28,  5.87it/s]Evaluating:   3%|▎         | 15/536 [00:03<01:26,  6.00it/s]Evaluating:   3%|▎         | 16/536 [00:03<01:20,  6.43it/s]Evaluating:   3%|▎         | 17/536 [00:03<01:20,  6.42it/s]Evaluating:   3%|▎         | 18/536 [00:03<01:16,  6.76it/s]Evaluating:   4%|▎         | 19/536 [00:04<01:18,  6.62it/s]Evaluating:   4%|▎         | 20/536 [00:04<01:14,  6.94it/s]Evaluating:   4%|▍         | 21/536 [00:04<01:16,  6.74it/s]Evaluating:   4%|▍         | 22/536 [00:04<01:13,  6.98it/s]Evaluating:   4%|▍         | 23/536 [00:04<01:15,  6.81it/s]Evaluating:   4%|▍         | 24/536 [00:04<01:12,  7.04it/s]Evaluating:   5%|▍         | 25/536 [00:04<01:14,  6.83it/s]Evaluating:   5%|▍         | 26/536 [00:05<01:12,  7.08it/s]Evaluating:   5%|▌         | 27/536 [00:05<01:09,  7.28it/s]Evaluating:   5%|▌         | 28/536 [00:05<01:12,  6.99it/s]Evaluating:   5%|▌         | 29/536 [00:05<01:10,  7.18it/s]Evaluating:   6%|▌         | 30/536 [00:05<01:13,  6.92it/s]Evaluating:   6%|▌         | 31/536 [00:05<01:10,  7.14it/s]Evaluating:   6%|▌         | 32/536 [00:05<01:12,  6.91it/s]Evaluating:   6%|▌         | 33/536 [00:06<02:24,  3.49it/s]Evaluating:   6%|▋         | 34/536 [00:06<02:04,  4.03it/s]Evaluating:   7%|▋         | 35/536 [00:06<01:46,  4.69it/s]Evaluating:   7%|▋         | 36/536 [00:06<01:37,  5.10it/s]Evaluating:   7%|▋         | 37/536 [00:07<01:28,  5.67it/s]Evaluating:   7%|▋         | 38/536 [00:07<01:25,  5.83it/s]Evaluating:   7%|▋         | 39/536 [00:07<01:18,  6.31it/s]Evaluating:   7%|▋         | 40/536 [00:07<01:18,  6.33it/s]Evaluating:   8%|▊         | 41/536 [00:07<01:14,  6.65it/s]Evaluating:   8%|▊         | 42/536 [00:07<01:15,  6.57it/s]Evaluating:   8%|▊         | 43/536 [00:07<01:11,  6.86it/s]Evaluating:   8%|▊         | 44/536 [00:08<01:13,  6.69it/s]Evaluating:   8%|▊         | 45/536 [00:08<01:10,  7.00it/s]Evaluating:   9%|▊         | 46/536 [00:08<01:12,  6.80it/s]Evaluating:   9%|▉         | 47/536 [00:08<01:09,  7.03it/s]Evaluating:   9%|▉         | 48/536 [00:08<01:11,  6.81it/s]Evaluating:   9%|▉         | 49/536 [00:08<01:09,  6.98it/s]Evaluating:   9%|▉         | 50/536 [00:08<01:11,  6.79it/s]Evaluating:  10%|▉         | 51/536 [00:09<01:08,  7.04it/s]Evaluating:  10%|▉         | 52/536 [00:09<01:10,  6.85it/s]Evaluating:  10%|▉         | 53/536 [00:09<01:08,  7.05it/s]Evaluating:  10%|█         | 54/536 [00:09<01:10,  6.83it/s]Evaluating:  10%|█         | 55/536 [00:09<01:08,  7.03it/s]Evaluating:  10%|█         | 56/536 [00:10<03:11,  2.51it/s]Evaluating:  11%|█         | 57/536 [00:10<02:32,  3.15it/s]Evaluating:  11%|█         | 58/536 [00:10<02:08,  3.71it/s]Evaluating:  11%|█         | 59/536 [00:11<01:48,  4.38it/s]Evaluating:  11%|█         | 60/536 [00:11<01:38,  4.83it/s]Evaluating:  11%|█▏        | 61/536 [00:11<01:27,  5.42it/s]Evaluating:  12%|█▏        | 62/536 [00:11<01:23,  5.67it/s]Evaluating:  12%|█▏        | 63/536 [00:11<01:16,  6.15it/s]Evaluating:  12%|█▏        | 64/536 [00:11<01:15,  6.24it/s]Evaluating:  12%|█▏        | 65/536 [00:11<01:11,  6.60it/s]Evaluating:  12%|█▏        | 66/536 [00:12<01:12,  6.52it/s]Evaluating:  12%|█▎        | 67/536 [00:12<01:08,  6.83it/s]Evaluating:  13%|█▎        | 68/536 [00:12<01:09,  6.70it/s]Evaluating:  13%|█▎        | 69/536 [00:12<01:07,  6.96it/s]Evaluating:  13%|█▎        | 70/536 [00:12<01:09,  6.74it/s]Evaluating:  13%|█▎        | 71/536 [00:12<01:06,  7.02it/s]Evaluating:  13%|█▎        | 72/536 [00:13<01:08,  6.78it/s]Evaluating:  14%|█▎        | 73/536 [00:13<01:05,  7.02it/s]Evaluating:  14%|█▍        | 74/536 [00:13<01:07,  6.81it/s]Evaluating:  14%|█▍        | 75/536 [00:13<01:05,  7.01it/s]Evaluating:  14%|█▍        | 76/536 [00:13<01:07,  6.82it/s]Evaluating:  14%|█▍        | 77/536 [00:13<01:04,  7.10it/s]Evaluating:  15%|█▍        | 78/536 [00:13<01:06,  6.87it/s]Evaluating:  15%|█▍        | 79/536 [00:14<01:08,  6.71it/s]Evaluating:  15%|█▍        | 80/536 [00:14<01:05,  6.96it/s]Evaluating:  15%|█▌        | 81/536 [00:14<01:07,  6.78it/s]Evaluating:  15%|█▌        | 82/536 [00:14<01:05,  6.98it/s]Evaluating:  15%|█▌        | 83/536 [00:14<01:06,  6.79it/s]Evaluating:  16%|█▌        | 84/536 [00:14<01:04,  7.04it/s]Evaluating:  16%|█▌        | 85/536 [00:16<03:52,  1.94it/s]Evaluating:  16%|█▌        | 86/536 [00:16<03:00,  2.50it/s]Evaluating:  16%|█▌        | 87/536 [00:16<02:26,  3.06it/s]Evaluating:  16%|█▋        | 88/536 [00:16<02:00,  3.73it/s]Evaluating:  17%|█▋        | 89/536 [00:16<01:44,  4.28it/s]Evaluating:  17%|█▋        | 90/536 [00:16<01:30,  4.93it/s]Evaluating:  17%|█▋        | 91/536 [00:16<01:23,  5.30it/s]Evaluating:  17%|█▋        | 92/536 [00:17<01:16,  5.84it/s]Evaluating:  17%|█▋        | 93/536 [00:17<01:13,  5.99it/s]Evaluating:  18%|█▊        | 94/536 [00:17<01:08,  6.43it/s]Evaluating:  18%|█▊        | 95/536 [00:17<01:08,  6.42it/s]Evaluating:  18%|█▊        | 96/536 [00:17<01:04,  6.79it/s]Evaluating:  18%|█▊        | 97/536 [00:17<01:06,  6.65it/s]Evaluating:  18%|█▊        | 98/536 [00:17<01:03,  6.93it/s]Evaluating:  18%|█▊        | 99/536 [00:18<01:04,  6.76it/s]Evaluating:  19%|█▊        | 100/536 [00:18<01:02,  7.03it/s]Evaluating:  19%|█▉        | 101/536 [00:18<01:03,  6.82it/s]Evaluating:  19%|█▉        | 102/536 [00:18<01:01,  7.06it/s]Evaluating:  19%|█▉        | 103/536 [00:18<01:02,  6.89it/s]Evaluating:  19%|█▉        | 104/536 [00:18<01:02,  6.94it/s]Evaluating:  20%|█▉        | 105/536 [00:18<01:03,  6.77it/s]Evaluating:  20%|█▉        | 106/536 [00:19<01:02,  6.88it/s]Evaluating:  20%|█▉        | 107/536 [00:19<01:03,  6.73it/s]Evaluating:  20%|██        | 108/536 [00:19<01:01,  6.99it/s]Evaluating:  20%|██        | 109/536 [00:19<01:02,  6.84it/s]Evaluating:  21%|██        | 110/536 [00:19<01:00,  7.06it/s]Evaluating:  21%|██        | 111/536 [00:19<01:01,  6.87it/s]Evaluating:  21%|██        | 112/536 [00:19<00:59,  7.11it/s]Evaluating:  21%|██        | 113/536 [00:20<01:01,  6.91it/s]Evaluating:  21%|██▏       | 114/536 [00:20<00:59,  7.10it/s]Evaluating:  21%|██▏       | 115/536 [00:20<01:01,  6.84it/s]Evaluating:  22%|██▏       | 116/536 [00:20<00:59,  7.11it/s]Evaluating:  22%|██▏       | 117/536 [00:20<01:01,  6.85it/s]Evaluating:  22%|██▏       | 118/536 [00:20<01:01,  6.84it/s]Evaluating:  22%|██▏       | 119/536 [00:21<01:02,  6.72it/s]Evaluating:  22%|██▏       | 120/536 [00:21<00:59,  6.99it/s]Evaluating:  23%|██▎       | 121/536 [00:21<01:01,  6.80it/s]Evaluating:  23%|██▎       | 122/536 [00:21<00:58,  7.04it/s]Evaluating:  23%|██▎       | 123/536 [00:23<04:28,  1.54it/s]Evaluating:  23%|██▎       | 124/536 [00:23<03:23,  2.02it/s]Evaluating:  23%|██▎       | 125/536 [00:23<02:41,  2.54it/s]Evaluating:  24%|██▎       | 126/536 [00:23<02:08,  3.18it/s]Evaluating:  24%|██▎       | 127/536 [00:23<01:48,  3.76it/s]Evaluating:  24%|██▍       | 128/536 [00:23<01:31,  4.46it/s]Evaluating:  24%|██▍       | 129/536 [00:24<01:22,  4.91it/s]Evaluating:  24%|██▍       | 130/536 [00:24<01:16,  5.29it/s]Evaluating:  24%|██▍       | 131/536 [00:24<01:09,  5.84it/s]Evaluating:  25%|██▍       | 132/536 [00:24<01:07,  6.01it/s]Evaluating:  25%|██▍       | 133/536 [00:24<01:02,  6.45it/s]Evaluating:  25%|██▌       | 134/536 [00:24<01:02,  6.45it/s]Evaluating:  25%|██▌       | 135/536 [00:24<00:58,  6.83it/s]Evaluating:  25%|██▌       | 136/536 [00:25<00:59,  6.69it/s]Evaluating:  26%|██▌       | 137/536 [00:25<00:57,  6.94it/s]Evaluating:  26%|██▌       | 138/536 [00:25<00:58,  6.77it/s]Evaluating:  26%|██▌       | 139/536 [00:25<00:56,  7.03it/s]Evaluating:  26%|██▌       | 140/536 [00:25<00:57,  6.84it/s]Evaluating:  26%|██▋       | 141/536 [00:25<00:55,  7.13it/s]Evaluating:  26%|██▋       | 142/536 [00:25<00:56,  6.91it/s]Evaluating:  27%|██▋       | 143/536 [00:26<00:55,  7.13it/s]Evaluating:  27%|██▋       | 144/536 [00:26<00:56,  6.90it/s]Evaluating:  27%|██▋       | 145/536 [00:26<00:54,  7.13it/s]Evaluating:  27%|██▋       | 146/536 [00:26<00:56,  6.90it/s]Evaluating:  27%|██▋       | 147/536 [00:26<00:54,  7.13it/s]Evaluating:  28%|██▊       | 148/536 [00:26<00:55,  6.96it/s]Evaluating:  28%|██▊       | 149/536 [00:26<00:54,  7.16it/s]Evaluating:  28%|██▊       | 150/536 [00:27<00:55,  6.93it/s]Evaluating:  28%|██▊       | 151/536 [00:27<00:53,  7.14it/s]Evaluating:  28%|██▊       | 152/536 [00:27<00:55,  6.90it/s]Evaluating:  29%|██▊       | 153/536 [00:27<00:53,  7.13it/s]Evaluating:  29%|██▊       | 154/536 [00:27<00:55,  6.91it/s]Evaluating:  29%|██▉       | 155/536 [00:27<00:53,  7.19it/s]Evaluating:  29%|██▉       | 156/536 [00:27<00:55,  6.90it/s]Evaluating:  29%|██▉       | 157/536 [00:28<00:53,  7.13it/s]Evaluating:  29%|██▉       | 158/536 [00:28<00:54,  6.91it/s]Evaluating:  30%|██▉       | 159/536 [00:28<00:53,  7.11it/s]Evaluating:  30%|██▉       | 160/536 [00:28<00:54,  6.89it/s]Evaluating:  30%|███       | 161/536 [00:28<00:52,  7.16it/s]Evaluating:  30%|███       | 162/536 [00:28<00:54,  6.90it/s]Evaluating:  30%|███       | 163/536 [00:28<00:52,  7.14it/s]Evaluating:  31%|███       | 164/536 [00:29<00:53,  6.91it/s]Evaluating:  31%|███       | 165/536 [00:29<00:52,  7.11it/s]Evaluating:  31%|███       | 166/536 [00:29<00:53,  6.90it/s]Evaluating:  31%|███       | 167/536 [00:29<00:51,  7.15it/s]Evaluating:  31%|███▏      | 168/536 [00:29<00:50,  7.33it/s]Evaluating:  32%|███▏      | 169/536 [00:29<00:52,  7.03it/s]Evaluating:  32%|███▏      | 170/536 [00:32<05:03,  1.20it/s]Evaluating:  32%|███▏      | 171/536 [00:32<03:46,  1.61it/s]Evaluating:  32%|███▏      | 172/536 [00:32<02:55,  2.08it/s]Evaluating:  32%|███▏      | 173/536 [00:32<02:15,  2.67it/s]Evaluating:  32%|███▏      | 174/536 [00:32<01:53,  3.18it/s]Evaluating:  33%|███▎      | 175/536 [00:32<01:36,  3.75it/s]Evaluating:  33%|███▎      | 176/536 [00:33<01:21,  4.43it/s]Evaluating:  33%|███▎      | 177/536 [00:33<01:13,  4.87it/s]Evaluating:  33%|███▎      | 178/536 [00:33<01:05,  5.47it/s]Evaluating:  33%|███▎      | 179/536 [00:33<01:02,  5.74it/s]Evaluating:  34%|███▎      | 180/536 [00:33<00:56,  6.25it/s]Evaluating:  34%|███▍      | 181/536 [00:33<00:56,  6.30it/s]Evaluating:  34%|███▍      | 182/536 [00:33<00:53,  6.67it/s]Evaluating:  34%|███▍      | 183/536 [00:34<00:53,  6.61it/s]Evaluating:  34%|███▍      | 184/536 [00:34<00:51,  6.90it/s]Evaluating:  35%|███▍      | 185/536 [00:34<00:52,  6.75it/s]Evaluating:  35%|███▍      | 186/536 [00:34<00:49,  7.00it/s]Evaluating:  35%|███▍      | 187/536 [00:34<00:50,  6.85it/s]Evaluating:  35%|███▌      | 188/536 [00:34<00:49,  7.06it/s]Evaluating:  35%|███▌      | 189/536 [00:34<00:50,  6.84it/s]Evaluating:  35%|███▌      | 190/536 [00:35<00:48,  7.08it/s]Evaluating:  36%|███▌      | 191/536 [00:35<00:50,  6.87it/s]Evaluating:  36%|███▌      | 192/536 [00:35<00:48,  7.11it/s]Evaluating:  36%|███▌      | 193/536 [00:35<00:49,  6.94it/s]Evaluating:  36%|███▌      | 194/536 [00:35<00:47,  7.15it/s]Evaluating:  36%|███▋      | 195/536 [00:35<00:49,  6.91it/s]Evaluating:  37%|███▋      | 196/536 [00:35<00:47,  7.13it/s]Evaluating:  37%|███▋      | 197/536 [00:36<00:49,  6.89it/s]Evaluating:  37%|███▋      | 198/536 [00:36<00:47,  7.10it/s]Evaluating:  37%|███▋      | 199/536 [00:36<00:48,  6.90it/s]Evaluating:  37%|███▋      | 200/536 [00:36<00:46,  7.17it/s]Evaluating:  38%|███▊      | 201/536 [00:36<00:48,  6.95it/s]Evaluating:  38%|███▊      | 202/536 [00:36<00:46,  7.16it/s]Evaluating:  38%|███▊      | 203/536 [00:36<00:48,  6.93it/s]Evaluating:  38%|███▊      | 204/536 [00:37<00:46,  7.14it/s]Evaluating:  38%|███▊      | 205/536 [00:37<00:47,  6.90it/s]Evaluating:  38%|███▊      | 206/536 [00:37<00:46,  7.15it/s]Evaluating:  39%|███▊      | 207/536 [00:37<00:47,  6.94it/s]Evaluating:  39%|███▉      | 208/536 [00:37<00:45,  7.14it/s]Evaluating:  39%|███▉      | 209/536 [00:37<00:47,  6.92it/s]Evaluating:  39%|███▉      | 210/536 [00:37<00:45,  7.13it/s]Evaluating:  39%|███▉      | 211/536 [00:38<00:47,  6.90it/s]Evaluating:  40%|███▉      | 212/536 [00:38<00:45,  7.13it/s]Evaluating:  40%|███▉      | 213/536 [00:38<00:44,  7.34it/s]Evaluating:  40%|███▉      | 214/536 [00:38<00:45,  7.03it/s]Evaluating:  40%|████      | 215/536 [00:38<00:44,  7.21it/s]Evaluating:  40%|████      | 216/536 [00:38<00:46,  6.95it/s]Evaluating:  40%|████      | 217/536 [00:38<00:44,  7.17it/s]Evaluating:  41%|████      | 218/536 [00:39<00:45,  6.96it/s]Evaluating:  41%|████      | 219/536 [00:39<00:44,  7.16it/s]Evaluating:  41%|████      | 220/536 [00:39<00:45,  6.98it/s]Evaluating:  41%|████      | 221/536 [00:39<00:43,  7.19it/s]Evaluating:  41%|████▏     | 222/536 [00:39<00:45,  6.96it/s]Evaluating:  42%|████▏     | 223/536 [00:39<00:43,  7.14it/s]Evaluating:  42%|████▏     | 224/536 [00:39<00:45,  6.89it/s]Evaluating:  42%|████▏     | 225/536 [00:40<00:43,  7.11it/s]Evaluating:  42%|████▏     | 226/536 [00:40<00:45,  6.85it/s]Evaluating:  42%|████▏     | 227/536 [00:40<00:43,  7.14it/s]Evaluating:  43%|████▎     | 228/536 [00:43<05:28,  1.07s/it]Evaluating:  43%|████▎     | 229/536 [00:43<04:01,  1.27it/s]Evaluating:  43%|████▎     | 230/536 [00:43<03:02,  1.67it/s]Evaluating:  43%|████▎     | 231/536 [00:44<02:19,  2.19it/s]Evaluating:  43%|████▎     | 232/536 [00:44<01:51,  2.73it/s]Evaluating:  43%|████▎     | 233/536 [00:44<01:29,  3.39it/s]Evaluating:  44%|████▎     | 234/536 [00:44<01:16,  3.94it/s]Evaluating:  44%|████▍     | 235/536 [00:44<01:05,  4.61it/s]Evaluating:  44%|████▍     | 236/536 [00:44<00:59,  5.04it/s]Evaluating:  44%|████▍     | 237/536 [00:44<00:53,  5.62it/s]Evaluating:  44%|████▍     | 238/536 [00:45<00:51,  5.83it/s]Evaluating:  45%|████▍     | 239/536 [00:45<00:46,  6.32it/s]Evaluating:  45%|████▍     | 240/536 [00:45<00:46,  6.32it/s]Evaluating:  45%|████▍     | 241/536 [00:45<00:44,  6.67it/s]Evaluating:  45%|████▌     | 242/536 [00:45<00:44,  6.55it/s]Evaluating:  45%|████▌     | 243/536 [00:45<00:42,  6.87it/s]Evaluating:  46%|████▌     | 244/536 [00:45<00:43,  6.74it/s]Evaluating:  46%|████▌     | 245/536 [00:46<00:41,  7.04it/s]Evaluating:  46%|████▌     | 246/536 [00:46<00:42,  6.85it/s]Evaluating:  46%|████▌     | 247/536 [00:46<00:40,  7.09it/s]Evaluating:  46%|████▋     | 248/536 [00:46<00:41,  6.88it/s]Evaluating:  46%|████▋     | 249/536 [00:46<00:40,  7.10it/s]Evaluating:  47%|████▋     | 250/536 [00:46<00:41,  6.89it/s]Evaluating:  47%|████▋     | 251/536 [00:46<00:40,  7.12it/s]Evaluating:  47%|████▋     | 252/536 [00:47<00:41,  6.91it/s]Evaluating:  47%|████▋     | 253/536 [00:47<00:39,  7.13it/s]Evaluating:  47%|████▋     | 254/536 [00:47<00:40,  6.89it/s]Evaluating:  48%|████▊     | 255/536 [00:47<00:39,  7.11it/s]Evaluating:  48%|████▊     | 256/536 [00:47<00:40,  6.87it/s]Evaluating:  48%|████▊     | 257/536 [00:47<00:39,  7.08it/s]Evaluating:  48%|████▊     | 258/536 [00:47<00:40,  6.87it/s]Evaluating:  48%|████▊     | 259/536 [00:48<00:38,  7.13it/s]Evaluating:  49%|████▊     | 260/536 [00:48<00:40,  6.88it/s]Evaluating:  49%|████▊     | 261/536 [00:48<00:40,  6.75it/s]Evaluating:  49%|████▉     | 262/536 [00:48<00:39,  7.00it/s]Evaluating:  49%|████▉     | 263/536 [00:48<00:40,  6.81it/s]Evaluating:  49%|████▉     | 264/536 [00:48<00:38,  7.05it/s]Evaluating:  49%|████▉     | 265/536 [00:48<00:39,  6.87it/s]Evaluating:  50%|████▉     | 266/536 [00:49<00:38,  7.10it/s]Evaluating:  50%|████▉     | 267/536 [00:49<00:39,  6.89it/s]Evaluating:  50%|█████     | 268/536 [00:49<00:37,  7.12it/s]Evaluating:  50%|█████     | 269/536 [00:49<00:38,  6.90it/s]Evaluating:  50%|█████     | 270/536 [00:49<00:37,  7.13it/s]Evaluating:  51%|█████     | 271/536 [00:49<00:38,  6.87it/s]Evaluating:  51%|█████     | 272/536 [00:49<00:36,  7.14it/s]Evaluating:  51%|█████     | 273/536 [00:50<00:38,  6.92it/s]Evaluating:  51%|█████     | 274/536 [00:50<00:36,  7.13it/s]Evaluating:  51%|█████▏    | 275/536 [00:50<00:38,  6.75it/s]Evaluating:  51%|█████▏    | 276/536 [00:50<00:37,  6.85it/s]Evaluating:  52%|█████▏    | 277/536 [00:50<00:38,  6.71it/s]Evaluating:  52%|█████▏    | 278/536 [00:50<00:37,  6.97it/s]Evaluating:  52%|█████▏    | 279/536 [00:50<00:37,  6.84it/s]Evaluating:  52%|█████▏    | 280/536 [00:51<00:36,  7.05it/s]Evaluating:  52%|█████▏    | 281/536 [00:51<00:37,  6.85it/s]Evaluating:  53%|█████▎    | 282/536 [00:51<00:35,  7.09it/s]Evaluating:  53%|█████▎    | 283/536 [00:51<00:36,  6.89it/s]Evaluating:  53%|█████▎    | 284/536 [00:51<00:35,  7.10it/s]Evaluating:  53%|█████▎    | 285/536 [00:51<00:36,  6.91it/s]Evaluating:  53%|█████▎    | 286/536 [00:51<00:35,  7.13it/s]Evaluating:  54%|█████▎    | 287/536 [00:52<00:36,  6.90it/s]Evaluating:  54%|█████▎    | 288/536 [00:52<00:34,  7.12it/s]Evaluating:  54%|█████▍    | 289/536 [00:52<00:35,  6.91it/s]Evaluating:  54%|█████▍    | 290/536 [00:52<00:34,  7.12it/s]Evaluating:  54%|█████▍    | 291/536 [00:52<00:35,  6.86it/s]Evaluating:  54%|█████▍    | 292/536 [00:52<00:34,  7.14it/s]Evaluating:  55%|█████▍    | 293/536 [00:52<00:35,  6.87it/s]Evaluating:  55%|█████▍    | 294/536 [00:53<00:34,  7.11it/s]Evaluating:  55%|█████▌    | 295/536 [00:53<00:35,  6.89it/s]Evaluating:  55%|█████▌    | 296/536 [00:53<00:33,  7.10it/s]Evaluating:  55%|█████▌    | 297/536 [00:53<00:34,  6.90it/s]Evaluating:  56%|█████▌    | 298/536 [00:53<00:33,  7.13it/s]Evaluating:  56%|█████▌    | 299/536 [00:53<00:32,  7.34it/s]Evaluating:  56%|█████▌    | 300/536 [00:53<00:33,  7.00it/s]Evaluating:  56%|█████▌    | 301/536 [00:58<05:15,  1.34s/it]Evaluating:  56%|█████▋    | 302/536 [00:58<03:49,  1.02it/s]Evaluating:  57%|█████▋    | 303/536 [00:58<02:51,  1.36it/s]Evaluating:  57%|█████▋    | 304/536 [00:58<02:08,  1.81it/s]Evaluating:  57%|█████▋    | 305/536 [00:58<01:40,  2.30it/s]Evaluating:  57%|█████▋    | 306/536 [00:58<01:20,  2.85it/s]Evaluating:  57%|█████▋    | 307/536 [00:58<01:05,  3.51it/s]Evaluating:  57%|█████▋    | 308/536 [00:59<00:56,  4.06it/s]Evaluating:  58%|█████▊    | 309/536 [00:59<00:48,  4.72it/s]Evaluating:  58%|█████▊    | 310/536 [00:59<00:44,  5.13it/s]Evaluating:  58%|█████▊    | 311/536 [00:59<00:39,  5.72it/s]Evaluating:  58%|█████▊    | 312/536 [00:59<00:38,  5.89it/s]Evaluating:  58%|█████▊    | 313/536 [00:59<00:35,  6.30it/s]Evaluating:  59%|█████▊    | 314/536 [00:59<00:35,  6.34it/s]Evaluating:  59%|█████▉    | 315/536 [01:00<00:33,  6.69it/s]Evaluating:  59%|█████▉    | 316/536 [01:00<00:33,  6.59it/s]Evaluating:  59%|█████▉    | 317/536 [01:00<00:31,  6.94it/s]Evaluating:  59%|█████▉    | 318/536 [01:00<00:32,  6.76it/s]Evaluating:  60%|█████▉    | 319/536 [01:00<00:30,  7.01it/s]Evaluating:  60%|█████▉    | 320/536 [01:00<00:31,  6.83it/s]Evaluating:  60%|█████▉    | 321/536 [01:00<00:30,  7.04it/s]Evaluating:  60%|██████    | 322/536 [01:01<00:31,  6.87it/s]Evaluating:  60%|██████    | 323/536 [01:01<00:30,  7.07it/s]Evaluating:  60%|██████    | 324/536 [01:01<00:30,  6.90it/s]Evaluating:  61%|██████    | 325/536 [01:01<00:29,  7.10it/s]Evaluating:  61%|██████    | 326/536 [01:01<00:30,  6.89it/s]Evaluating:  61%|██████    | 327/536 [01:01<00:29,  7.10it/s]Evaluating:  61%|██████    | 328/536 [01:01<00:30,  6.85it/s]Evaluating:  61%|██████▏   | 329/536 [01:02<00:29,  7.05it/s]Evaluating:  62%|██████▏   | 330/536 [01:02<00:30,  6.78it/s]Evaluating:  62%|██████▏   | 331/536 [01:02<00:29,  7.06it/s]Evaluating:  62%|██████▏   | 332/536 [01:02<00:30,  6.76it/s]Evaluating:  62%|██████▏   | 333/536 [01:02<00:28,  7.01it/s]Evaluating:  62%|██████▏   | 334/536 [01:02<00:29,  6.79it/s]Evaluating:  62%|██████▎   | 335/536 [01:02<00:28,  6.98it/s]Evaluating:  63%|██████▎   | 336/536 [01:03<00:29,  6.75it/s]Evaluating:  63%|██████▎   | 337/536 [01:03<00:28,  6.96it/s]Evaluating:  63%|██████▎   | 338/536 [01:03<00:29,  6.76it/s]Evaluating:  63%|██████▎   | 339/536 [01:03<00:28,  7.00it/s]Evaluating:  63%|██████▎   | 340/536 [01:03<00:28,  6.81it/s]Evaluating:  64%|██████▎   | 341/536 [01:03<00:27,  7.00it/s]Evaluating:  64%|██████▍   | 342/536 [01:03<00:28,  6.79it/s]Evaluating:  64%|██████▍   | 343/536 [01:04<00:27,  6.99it/s]Evaluating:  64%|██████▍   | 344/536 [01:04<00:26,  7.14it/s]Evaluating:  64%|██████▍   | 345/536 [01:04<00:28,  6.81it/s]Evaluating:  65%|██████▍   | 346/536 [01:04<00:27,  7.00it/s]Evaluating:  65%|██████▍   | 347/536 [01:04<00:27,  6.76it/s]Evaluating:  65%|██████▍   | 348/536 [01:04<00:26,  6.97it/s]Evaluating:  65%|██████▌   | 349/536 [01:04<00:27,  6.78it/s]Evaluating:  65%|██████▌   | 350/536 [01:05<00:26,  6.98it/s]Evaluating:  65%|██████▌   | 351/536 [01:05<00:27,  6.82it/s]Evaluating:  66%|██████▌   | 352/536 [01:05<00:26,  7.00it/s]Evaluating:  66%|██████▌   | 353/536 [01:05<00:26,  6.79it/s]Evaluating:  66%|██████▌   | 354/536 [01:05<00:25,  7.00it/s]Evaluating:  66%|██████▌   | 355/536 [01:05<00:26,  6.79it/s]Evaluating:  66%|██████▋   | 356/536 [01:05<00:25,  6.99it/s]Evaluating:  67%|██████▋   | 357/536 [01:06<00:26,  6.73it/s]Evaluating:  67%|██████▋   | 358/536 [01:06<00:25,  6.98it/s]Evaluating:  67%|██████▋   | 359/536 [01:06<00:26,  6.77it/s]Evaluating:  67%|██████▋   | 360/536 [01:06<00:25,  6.94it/s]Evaluating:  67%|██████▋   | 361/536 [01:06<00:25,  6.74it/s]Evaluating:  68%|██████▊   | 362/536 [01:06<00:25,  6.95it/s]Evaluating:  68%|██████▊   | 363/536 [01:07<00:25,  6.75it/s]Evaluating:  68%|██████▊   | 364/536 [01:07<00:24,  7.00it/s]Evaluating:  68%|██████▊   | 365/536 [01:07<00:25,  6.76it/s]Evaluating:  68%|██████▊   | 366/536 [01:07<00:24,  6.94it/s]Evaluating:  68%|██████▊   | 367/536 [01:07<00:25,  6.56it/s]Evaluating:  69%|██████▊   | 368/536 [01:07<00:24,  6.82it/s]Evaluating:  69%|██████▉   | 369/536 [01:07<00:25,  6.66it/s]Evaluating:  69%|██████▉   | 370/536 [01:08<00:24,  6.90it/s]Evaluating:  69%|██████▉   | 371/536 [01:08<00:24,  6.75it/s]Evaluating:  69%|██████▉   | 372/536 [01:08<00:23,  6.99it/s]Evaluating:  70%|██████▉   | 373/536 [01:08<00:24,  6.79it/s]Evaluating:  70%|██████▉   | 374/536 [01:08<00:23,  7.01it/s]Evaluating:  70%|██████▉   | 375/536 [01:08<00:23,  6.76it/s]Evaluating:  70%|███████   | 376/536 [01:08<00:22,  6.99it/s]Evaluating:  70%|███████   | 377/536 [01:09<00:23,  6.73it/s]Evaluating:  71%|███████   | 378/536 [01:09<00:22,  6.99it/s]Evaluating:  71%|███████   | 379/536 [01:09<00:23,  6.76it/s]Evaluating:  71%|███████   | 380/536 [01:09<00:22,  6.99it/s]Evaluating:  71%|███████   | 381/536 [01:09<00:22,  6.75it/s]Evaluating:  71%|███████▏  | 382/536 [01:09<00:22,  6.97it/s]Evaluating:  71%|███████▏  | 383/536 [01:09<00:22,  6.76it/s]Evaluating:  72%|███████▏  | 384/536 [01:10<00:21,  6.96it/s]Evaluating:  72%|███████▏  | 385/536 [01:10<00:20,  7.21it/s]Evaluating:  72%|███████▏  | 386/536 [01:10<00:21,  6.87it/s]Evaluating:  72%|███████▏  | 387/536 [01:10<00:21,  7.05it/s]Evaluating:  72%|███████▏  | 388/536 [01:10<00:21,  6.80it/s]Evaluating:  73%|███████▎  | 389/536 [01:10<00:20,  7.01it/s]Evaluating:  73%|███████▎  | 390/536 [01:10<00:21,  6.78it/s]Evaluating:  73%|███████▎  | 391/536 [01:16<04:09,  1.72s/it]Evaluating:  73%|███████▎  | 392/536 [01:16<03:05,  1.29s/it]Evaluating:  73%|███████▎  | 393/536 [01:16<02:14,  1.06it/s]Evaluating:  74%|███████▎  | 394/536 [01:16<01:40,  1.42it/s]Evaluating:  74%|███████▎  | 395/536 [01:17<01:15,  1.88it/s]Evaluating:  74%|███████▍  | 396/536 [01:17<00:58,  2.38it/s]Evaluating:  74%|███████▍  | 397/536 [01:17<00:46,  3.01it/s]Evaluating:  74%|███████▍  | 398/536 [01:17<00:38,  3.57it/s]Evaluating:  74%|███████▍  | 399/536 [01:17<00:32,  4.25it/s]Evaluating:  75%|███████▍  | 400/536 [01:17<00:28,  4.73it/s]Evaluating:  75%|███████▍  | 401/536 [01:17<00:25,  5.33it/s]Evaluating:  75%|███████▌  | 402/536 [01:18<00:23,  5.61it/s]Evaluating:  75%|███████▌  | 403/536 [01:18<00:21,  6.14it/s]Evaluating:  75%|███████▌  | 404/536 [01:18<00:21,  6.22it/s]Evaluating:  76%|███████▌  | 405/536 [01:18<00:19,  6.58it/s]Evaluating:  76%|███████▌  | 406/536 [01:18<00:19,  6.52it/s]Evaluating:  76%|███████▌  | 407/536 [01:18<00:18,  6.81it/s]Evaluating:  76%|███████▌  | 408/536 [01:18<00:19,  6.67it/s]Evaluating:  76%|███████▋  | 409/536 [01:19<00:18,  6.94it/s]Evaluating:  76%|███████▋  | 410/536 [01:19<00:18,  6.76it/s]Evaluating:  77%|███████▋  | 411/536 [01:19<00:17,  6.98it/s]Evaluating:  77%|███████▋  | 412/536 [01:19<00:18,  6.75it/s]Evaluating:  77%|███████▋  | 413/536 [01:19<00:17,  6.97it/s]Evaluating:  77%|███████▋  | 414/536 [01:19<00:18,  6.75it/s]Evaluating:  77%|███████▋  | 415/536 [01:19<00:17,  6.95it/s]Evaluating:  78%|███████▊  | 416/536 [01:20<00:17,  6.75it/s]Evaluating:  78%|███████▊  | 417/536 [01:20<00:16,  7.03it/s]Evaluating:  78%|███████▊  | 418/536 [01:20<00:17,  6.81it/s]Evaluating:  78%|███████▊  | 419/536 [01:20<00:16,  7.04it/s]Evaluating:  78%|███████▊  | 420/536 [01:20<00:16,  6.84it/s]Evaluating:  79%|███████▊  | 421/536 [01:20<00:16,  7.06it/s]Evaluating:  79%|███████▊  | 422/536 [01:20<00:16,  6.82it/s]Evaluating:  79%|███████▉  | 423/536 [01:21<00:16,  7.05it/s]Evaluating:  79%|███████▉  | 424/536 [01:21<00:16,  6.75it/s]Evaluating:  79%|███████▉  | 425/536 [01:21<00:15,  6.97it/s]Evaluating:  79%|███████▉  | 426/536 [01:21<00:16,  6.73it/s]Evaluating:  80%|███████▉  | 427/536 [01:21<00:15,  6.95it/s]Evaluating:  80%|███████▉  | 428/536 [01:21<00:16,  6.72it/s]Evaluating:  80%|████████  | 429/536 [01:21<00:15,  6.95it/s]Evaluating:  80%|████████  | 430/536 [01:22<00:14,  7.16it/s]Evaluating:  80%|████████  | 431/536 [01:22<00:15,  6.81it/s]Evaluating:  81%|████████  | 432/536 [01:22<00:14,  7.01it/s]Evaluating:  81%|████████  | 433/536 [01:22<00:15,  6.77it/s]Evaluating:  81%|████████  | 434/536 [01:22<00:14,  6.99it/s]Evaluating:  81%|████████  | 435/536 [01:22<00:14,  6.78it/s]Evaluating:  81%|████████▏ | 436/536 [01:22<00:14,  7.01it/s]Evaluating:  82%|████████▏ | 437/536 [01:23<00:14,  6.88it/s]Evaluating:  82%|████████▏ | 438/536 [01:23<00:14,  6.92it/s]Evaluating:  82%|████████▏ | 439/536 [01:23<00:14,  6.77it/s]Evaluating:  82%|████████▏ | 440/536 [01:23<00:13,  7.00it/s]Evaluating:  82%|████████▏ | 441/536 [01:23<00:13,  6.82it/s]Evaluating:  82%|████████▏ | 442/536 [01:23<00:13,  7.02it/s]Evaluating:  83%|████████▎ | 443/536 [01:23<00:13,  6.82it/s]Evaluating:  83%|████████▎ | 444/536 [01:24<00:13,  7.03it/s]Evaluating:  83%|████████▎ | 445/536 [01:24<00:13,  6.85it/s]Evaluating:  83%|████████▎ | 446/536 [01:24<00:12,  6.94it/s]Evaluating:  83%|████████▎ | 447/536 [01:24<00:13,  6.79it/s]Evaluating:  84%|████████▎ | 448/536 [01:24<00:12,  7.05it/s]Evaluating:  84%|████████▍ | 449/536 [01:24<00:12,  6.83it/s]Evaluating:  84%|████████▍ | 450/536 [01:24<00:12,  7.11it/s]Evaluating:  84%|████████▍ | 451/536 [01:25<00:12,  6.87it/s]Evaluating:  84%|████████▍ | 452/536 [01:25<00:11,  7.10it/s]Evaluating:  85%|████████▍ | 453/536 [01:25<00:12,  6.85it/s]Evaluating:  85%|████████▍ | 454/536 [01:25<00:11,  7.08it/s]Evaluating:  85%|████████▍ | 455/536 [01:25<00:11,  6.80it/s]Evaluating:  85%|████████▌ | 456/536 [01:25<00:11,  7.03it/s]Evaluating:  85%|████████▌ | 457/536 [01:25<00:11,  6.90it/s]Evaluating:  85%|████████▌ | 458/536 [01:26<00:10,  7.11it/s]Evaluating:  86%|████████▌ | 459/536 [01:26<00:11,  6.88it/s]Evaluating:  86%|████████▌ | 460/536 [01:26<00:10,  7.12it/s]Evaluating:  86%|████████▌ | 461/536 [01:26<00:10,  6.86it/s]Evaluating:  86%|████████▌ | 462/536 [01:26<00:10,  7.08it/s]Evaluating:  86%|████████▋ | 463/536 [01:26<00:10,  6.83it/s]Evaluating:  87%|████████▋ | 464/536 [01:26<00:10,  7.10it/s]Evaluating:  87%|████████▋ | 465/536 [01:27<00:10,  6.78it/s]Evaluating:  87%|████████▋ | 466/536 [01:27<00:09,  7.04it/s]Evaluating:  87%|████████▋ | 467/536 [01:27<00:10,  6.85it/s]Evaluating:  87%|████████▋ | 468/536 [01:27<00:09,  7.06it/s]Evaluating:  88%|████████▊ | 469/536 [01:27<00:09,  6.86it/s]Evaluating:  88%|████████▊ | 470/536 [01:27<00:09,  7.12it/s]Evaluating:  88%|████████▊ | 471/536 [01:28<00:09,  6.76it/s]Evaluating:  88%|████████▊ | 472/536 [01:28<00:09,  6.67it/s]Evaluating:  88%|████████▊ | 473/536 [01:28<00:09,  6.93it/s]Evaluating:  88%|████████▊ | 474/536 [01:28<00:09,  6.74it/s]Evaluating:  89%|████████▊ | 475/536 [01:28<00:08,  7.00it/s]Evaluating:  89%|████████▉ | 476/536 [01:28<00:08,  6.82it/s]Evaluating:  89%|████████▉ | 477/536 [01:28<00:08,  7.10it/s]Evaluating:  89%|████████▉ | 478/536 [01:29<00:08,  6.91it/s]Evaluating:  89%|████████▉ | 479/536 [01:29<00:07,  7.13it/s]Evaluating:  90%|████████▉ | 480/536 [01:29<00:08,  6.91it/s]Evaluating:  90%|████████▉ | 481/536 [01:29<00:07,  7.14it/s]Evaluating:  90%|████████▉ | 482/536 [01:29<00:07,  6.92it/s]Evaluating:  90%|█████████ | 483/536 [01:29<00:07,  7.12it/s]Evaluating:  90%|█████████ | 484/536 [01:29<00:07,  6.93it/s]Evaluating:  90%|█████████ | 485/536 [01:29<00:07,  7.13it/s]Evaluating:  91%|█████████ | 486/536 [01:30<00:07,  6.91it/s]Evaluating:  91%|█████████ | 487/536 [01:30<00:06,  7.14it/s]Evaluating:  91%|█████████ | 488/536 [01:30<00:06,  6.93it/s]Evaluating:  91%|█████████ | 489/536 [01:30<00:06,  7.15it/s]Evaluating:  91%|█████████▏| 490/536 [01:30<00:06,  6.88it/s]Evaluating:  92%|█████████▏| 491/536 [01:30<00:06,  7.11it/s]Evaluating:  92%|█████████▏| 492/536 [01:31<00:06,  6.86it/s]Evaluating:  92%|█████████▏| 493/536 [01:31<00:06,  7.08it/s]Evaluating:  92%|█████████▏| 494/536 [01:31<00:06,  6.82it/s]Evaluating:  92%|█████████▏| 495/536 [01:31<00:05,  7.06it/s]Evaluating:  93%|█████████▎| 496/536 [01:31<00:05,  6.87it/s]Evaluating:  93%|█████████▎| 497/536 [01:31<00:05,  7.15it/s]Evaluating:  93%|█████████▎| 498/536 [01:31<00:05,  6.74it/s]Evaluating:  93%|█████████▎| 499/536 [01:32<00:05,  6.99it/s]Evaluating:  93%|█████████▎| 500/536 [01:32<00:05,  6.81it/s]Evaluating:  93%|█████████▎| 501/536 [01:32<00:04,  7.04it/s]Evaluating:  94%|█████████▎| 502/536 [01:32<00:04,  6.85it/s]Evaluating:  94%|█████████▍| 503/536 [01:32<00:04,  7.07it/s]Evaluating:  94%|█████████▍| 504/536 [01:39<01:08,  2.13s/it]Evaluating:  94%|█████████▍| 505/536 [01:39<00:47,  1.53s/it]Evaluating:  94%|█████████▍| 506/536 [01:39<00:33,  1.12s/it]Evaluating:  95%|█████████▍| 507/536 [01:39<00:23,  1.21it/s]Evaluating:  95%|█████████▍| 508/536 [01:39<00:17,  1.61it/s]Evaluating:  95%|█████████▍| 509/536 [01:40<00:12,  2.11it/s]Evaluating:  95%|█████████▌| 510/536 [01:40<00:09,  2.63it/s]Evaluating:  95%|█████████▌| 511/536 [01:40<00:07,  3.28it/s]Evaluating:  96%|█████████▌| 512/536 [01:40<00:06,  3.86it/s]Evaluating:  96%|█████████▌| 513/536 [01:40<00:05,  4.54it/s]Evaluating:  96%|█████████▌| 514/536 [01:40<00:04,  4.98it/s]Evaluating:  96%|█████████▌| 515/536 [01:40<00:03,  5.58it/s]Evaluating:  96%|█████████▋| 516/536 [01:41<00:03,  6.10it/s]Evaluating:  96%|█████████▋| 517/536 [01:41<00:03,  6.18it/s]Evaluating:  97%|█████████▋| 518/536 [01:41<00:02,  6.58it/s]Evaluating:  97%|█████████▋| 519/536 [01:41<00:02,  6.53it/s]Evaluating:  97%|█████████▋| 520/536 [01:41<00:02,  6.86it/s]Evaluating:  97%|█████████▋| 521/536 [01:41<00:02,  6.74it/s]Evaluating:  97%|█████████▋| 522/536 [01:41<00:02,  7.00it/s]Evaluating:  98%|█████████▊| 523/536 [01:42<00:01,  6.89it/s]Evaluating:  98%|█████████▊| 524/536 [01:42<00:01,  7.08it/s]Evaluating:  98%|█████████▊| 525/536 [01:42<00:01,  6.86it/s]Evaluating:  98%|█████████▊| 526/536 [01:42<00:01,  7.10it/s]Evaluating:  98%|█████████▊| 527/536 [01:42<00:01,  6.89it/s]Evaluating:  99%|█████████▊| 528/536 [01:42<00:01,  7.11it/s]Evaluating:  99%|█████████▊| 529/536 [01:42<00:01,  6.88it/s]Evaluating:  99%|█████████▉| 530/536 [01:43<00:00,  7.16it/s]Evaluating:  99%|█████████▉| 531/536 [01:43<00:00,  6.93it/s]Evaluating:  99%|█████████▉| 532/536 [01:43<00:00,  7.16it/s]Evaluating:  99%|█████████▉| 533/536 [01:43<00:00,  6.94it/s]Evaluating: 100%|█████████▉| 534/536 [01:43<00:00,  7.17it/s]Evaluating: 100%|█████████▉| 535/536 [01:43<00:00,  6.97it/s]Evaluating: 100%|██████████| 536/536 [01:43<00:00,  5.16it/s]
2023-03-03 11:27:14,496 - /data/liangqiao2022/workspace/my-opinion-mining/ote_model/mrc_paddle/utils.py[line:335] - INFO: Writing predictions to: model_files/chinese_model/mrc/predictions_.json
2023-03-03 11:27:14,496 - /data/liangqiao2022/workspace/my-opinion-mining/ote_model/mrc_paddle/utils.py[line:336] - INFO: Writing nbest to: model_files/chinese_model/mrc/nbest_predictions_.json
2023-03-03 11:31:31,744 - ote_model/mrc_paddle/main.py[line:219] - INFO: Writing result to: result/end2end_result/mrc.ann.json
2023-03-03 11:31:31,744 - ote_model/mrc_paddle/main.py[line:221] - INFO: Eval Precision: 0.0	0	2142
2023-03-03 11:31:39,474 - ote_model/mrc_paddle/main.py[line:421] - INFO: Results: {'precision': 0.0}
